# JRE version: OpenJDK Runtime Environment Temurin-21.0.11+10 (21.0.11+10) (build 21.0.11+10-LTS)
# Java VM: OpenJDK 64-Bit Server VM Temurin-21.0.11+10 (21.0.11+10-LTS, mixed mode, sharing, tiered, compressed oops, compressed class ptrs, parallel gc, windows-amd64)
GC Precious Log:
 CardTable entry size: 512
 CPUs: 12 total, 12 available
 Memory: 15178M
 Large Page Support: Disabled
 NUMA Support: Disabled
 Compressed Oops: Enabled (Zero based)
 Alignments: Space 512K, Generation 512K, Heap 2M
 Heap Min Capacity: 100M
 Heap Initial Capacity: 100M
 Heap Max Capacity: 4G
 Pre-touch: Disabled
 Parallel Workers: 10
Heap:
 PSYoungGen      total 7168K, used 6007K [0x00000007aab00000, 0x00000007ab500000, 0x0000000800000000)
  eden space 6144K, 94% used [0x00000007aab00000,0x00000007ab0adf28,0x00000007ab100000)
  from space 1024K, 18% used [0x00000007ab300000,0x00000007ab330000,0x00000007ab400000)
  to   space 512K, 0% used [0x00000007ab480000,0x00000007ab480000,0x00000007ab500000)
 ParOldGen       total 2729472K, used 2729114K [0x0000000700000000, 0x00000007a6980000, 0x00000007aab00000)
  object space 2729472K, 99% used [0x0000000700000000,0x00000007a6926b00,0x00000007a6980000)
 Metaspace       used 94665K, committed 96576K, reserved 1179648K
  class space    used 9787K, committed 10624K, reserved 1048576K
GC Heap History (20 events):
Event: 759.665 GC heap before
{Heap before GC invocations=2786 (full 5):
 PSYoungGen      total 7680K, used 7668K [0x00000007aab00000, 0x00000007abf00000, 0x0000000800000000)
  eden space 6144K, 100% used [0x00000007aab00000,0x00000007ab100000,0x00000007ab100000)
  from space 1536K, 99% used [0x00000007ab380000,0x00000007ab4fd3e8,0x00000007ab500000)
  to   space 7168K, 0% used [0x00000007ab800000,0x00000007ab800000,0x00000007abf00000)
 ParOldGen       total 2719232K, used 2718827K [0x0000000700000000, 0x00000007a5f80000, 0x00000007aab00000)
  object space 2719232K, 99% used [0x0000000700000000,0x00000007a5f1ac98,0x00000007a5f80000)
 Metaspace       used 94613K, committed 96512K, reserved 1179648K
  class space    used 9786K, committed 10624K, reserved 1048576K
}
Event: 759.669 GC heap after
{Heap after GC invocations=2786 (full 5):
 PSYoungGen      total 7168K, used 864K [0x00000007aab00000, 0x00000007ab900000, 0x0000000800000000)
  eden space 6144K, 0% used [0x00000007aab00000,0x00000007aab00000,0x00000007ab100000)
  from space 1024K, 84% used [0x00000007ab800000,0x00000007ab8d8000,0x00000007ab900000)
  to   space 3072K, 0% used [0x00000007ab300000,0x00000007ab300000,0x00000007ab600000)
 ParOldGen       total 2719232K, used 2718899K [0x0000000700000000, 0x00000007a5f80000, 0x00000007aab00000)
  object space 2719232K, 99% used [0x0000000700000000,0x00000007a5f2cc98,0x00000007a5f80000)
 Metaspace       used 94613K, committed 96512K, reserved 1179648K
  class space    used 9786K, committed 10624K, reserved 1048576K
}
Event: 759.684 GC heap before
{Heap before GC invocations=2787 (full 5):
 PSYoungGen      total 7168K, used 7008K [0x00000007aab00000, 0x00000007ab900000, 0x0000000800000000)
  eden space 6144K, 100% used [0x00000007aab00000,0x00000007ab100000,0x00000007ab100000)
  from space 1024K, 84% used [0x00000007ab800000,0x00000007ab8d8000,0x00000007ab900000)
  to   space 3072K, 0% used [0x00000007ab300000,0x00000007ab300000,0x00000007ab600000)
 ParOldGen       total 2719232K, used 2718899K [0x0000000700000000, 0x00000007a5f80000, 0x00000007aab00000)
  object space 2719232K, 99% used [0x0000000700000000,0x00000007a5f2cc98,0x00000007a5f80000)
 Metaspace       used 94613K, committed 96512K, reserved 1179648K
  class space    used 9786K, committed 10624K, reserved 1048576K
}
Event: 759.690 GC heap after
{Heap after GC invocations=2787 (full 5):
 PSYoungGen      total 9216K, used 468K [0x00000007aab00000, 0x00000007ab880000, 0x0000000800000000)
  eden space 6144K, 0% used [0x00000007aab00000,0x00000007aab00000,0x00000007ab100000)
  from space 3072K, 15% used [0x00000007ab300000,0x00000007ab375200,0x00000007ab600000)
  to   space 1024K, 0% used [0x00000007ab780000,0x00000007ab780000,0x00000007ab880000)
 ParOldGen       total 2719744K, used 2719634K [0x0000000700000000, 0x00000007a6000000, 0x00000007aab00000)
  object space 2719744K, 99% used [0x0000000700000000,0x00000007a5fe48c0,0x00000007a6000000)
 Metaspace       used 94613K, committed 96512K, reserved 1179648K
  class space    used 9786K, committed 10624K, reserved 1048576K
}
Event: 761.592 GC heap before
{Heap before GC invocations=2788 (full 5):
 PSYoungGen      total 9216K, used 6612K [0x00000007aab00000, 0x00000007ab880000, 0x0000000800000000)
  eden space 6144K, 100% used [0x00000007aab00000,0x00000007ab100000,0x00000007ab100000)
  from space 3072K, 15% used [0x00000007ab300000,0x00000007ab375200,0x00000007ab600000)
  to   space 1024K, 0% used [0x00000007ab780000,0x00000007ab780000,0x00000007ab880000)
 ParOldGen       total 2719744K, used 2719634K [0x0000000700000000, 0x00000007a6000000, 0x00000007aab00000)
  object space 2719744K, 99% used [0x0000000700000000,0x00000007a5fe48c0,0x00000007a6000000)
 Metaspace       used 94620K, committed 96512K, reserved 1179648K
  class space    used 9787K, committed 10624K, reserved 1048576K
}
Event: 761.596 GC heap after
{Heap after GC invocations=2788 (full 5):
 PSYoungGen      total 6656K, used 256K [0x00000007aab00000, 0x00000007ab800000, 0x0000000800000000)
  eden space 6144K, 0% used [0x00000007aab00000,0x00000007aab00000,0x00000007ab100000)
  from space 512K, 50% used [0x00000007ab780000,0x00000007ab7c0000,0x00000007ab800000)
  to   space 512K, 0% used [0x00000007ab700000,0x00000007ab700000,0x00000007ab780000)
 ParOldGen       total 2720256K, used 2719758K [0x0000000700000000, 0x00000007a6080000, 0x00000007aab00000)
  object space 2720256K, 99% used [0x0000000700000000,0x00000007a6003ac0,0x00000007a6080000)
 Metaspace       used 94620K, committed 96512K, reserved 1179648K
  class space    used 9787K, committed 10624K, reserved 1048576K
}
Event: 761.665 GC heap before
{Heap before GC invocations=2789 (full 5):
 PSYoungGen      total 6656K, used 6396K [0x00000007aab00000, 0x00000007ab800000, 0x0000000800000000)
  eden space 6144K, 99% used [0x00000007aab00000,0x00000007ab0ff2a8,0x00000007ab100000)
  from space 512K, 50% used [0x00000007ab780000,0x00000007ab7c0000,0x00000007ab800000)
  to   space 512K, 0% used [0x00000007ab700000,0x00000007ab700000,0x00000007ab780000)
 ParOldGen       total 2720256K, used 2719758K [0x0000000700000000, 0x00000007a6080000, 0x00000007aab00000)
  object space 2720256K, 99% used [0x0000000700000000,0x00000007a6003ac0,0x00000007a6080000)
 Metaspace       used 94620K, committed 96512K, reserved 1179648K
  class space    used 9787K, committed 10624K, reserved 1048576K
}
Event: 761.669 GC heap after
{Heap after GC invocations=2789 (full 5):
 PSYoungGen      total 6656K, used 511K [0x00000007aab00000, 0x00000007abb00000, 0x0000000800000000)
  eden space 6144K, 0% used [0x00000007aab00000,0x00000007aab00000,0x00000007ab100000)
  from space 512K, 99% used [0x00000007ab700000,0x00000007ab77ff40,0x00000007ab780000)
  to   space 3584K, 0% used [0x00000007ab780000,0x00000007ab780000,0x00000007abb00000)
 ParOldGen       total 2723840K, used 2723596K [0x0000000700000000, 0x00000007a6400000, 0x00000007aab00000)
  object space 2723840K, 99% used [0x0000000700000000,0x00000007a63c3118,0x00000007a6400000)
 Metaspace       used 94620K, committed 96512K, reserved 1179648K
  class space    used 9787K, committed 10624K, reserved 1048576K
}
Event: 761.735 GC heap before
{Heap before GC invocations=2790 (full 5):
 PSYoungGen      total 6656K, used 6655K [0x00000007aab00000, 0x00000007abb00000, 0x0000000800000000)
  eden space 6144K, 100% used [0x00000007aab00000,0x00000007ab100000,0x00000007ab100000)
  from space 512K, 99% used [0x00000007ab700000,0x00000007ab77ff40,0x00000007ab780000)
  to   space 3584K, 0% used [0x00000007ab780000,0x00000007ab780000,0x00000007abb00000)
 ParOldGen       total 2723840K, used 2723596K [0x0000000700000000, 0x00000007a6400000, 0x00000007aab00000)
  object space 2723840K, 99% used [0x0000000700000000,0x00000007a63c3118,0x00000007a6400000)
 Metaspace       used 94620K, committed 96512K, reserved 1179648K
  class space    used 9787K, committed 10624K, reserved 1048576K
}
Event: 761.745 GC heap after
{Heap after GC invocations=2790 (full 5):
 PSYoungGen      total 8704K, used 2490K [0x00000007aab00000, 0x00000007aba00000, 0x0000000800000000)
  eden space 6144K, 0% used [0x00000007aab00000,0x00000007aab00000,0x00000007ab100000)
  from space 2560K, 97% used [0x00000007ab780000,0x00000007ab9ee980,0x00000007aba00000)
  to   space 3584K, 0% used [0x00000007ab300000,0x00000007ab300000,0x00000007ab680000)
 ParOldGen       total 2724352K, used 2724125K [0x0000000700000000, 0x00000007a6480000, 0x00000007aab00000)
  object space 2724352K, 99% used [0x0000000700000000,0x00000007a64476d0,0x00000007a6480000)
 Metaspace       used 94620K, committed 96512K, reserved 1179648K
  class space    used 9787K, committed 10624K, reserved 1048576K
}
Event: 761.788 GC heap before
{Heap before GC invocations=2791 (full 5):
 PSYoungGen      total 8704K, used 8604K [0x00000007aab00000, 0x00000007aba00000, 0x0000000800000000)
  eden space 6144K, 99% used [0x00000007aab00000,0x00000007ab0f8730,0x00000007ab100000)
  from space 2560K, 97% used [0x00000007ab780000,0x00000007ab9ee980,0x00000007aba00000)
  to   space 3584K, 0% used [0x00000007ab300000,0x00000007ab300000,0x00000007ab680000)
 ParOldGen       total 2724352K, used 2724125K [0x0000000700000000, 0x00000007a6480000, 0x00000007aab00000)
  object space 2724352K, 99% used [0x0000000700000000,0x00000007a64476d0,0x00000007a6480000)
 Metaspace       used 94623K, committed 96512K, reserved 1179648K
  class space    used 9787K, committed 10624K, reserved 1048576K
}
Event: 761.803 GC heap after
{Heap after GC invocations=2791 (full 5):
 PSYoungGen      total 9728K, used 532K [0x00000007aab00000, 0x00000007ab800000, 0x0000000800000000)
  eden space 6144K, 0% used [0x00000007aab00000,0x00000007aab00000,0x00000007ab100000)
  from space 3584K, 14% used [0x00000007ab300000,0x00000007ab385200,0x00000007ab680000)
  to   space 1536K, 0% used [0x00000007ab680000,0x00000007ab680000,0x00000007ab800000)
 ParOldGen       total 2725376K, used 2724970K [0x0000000700000000, 0x00000007a6580000, 0x00000007aab00000)
  object space 2725376K, 99% used [0x0000000700000000,0x00000007a651aae0,0x00000007a6580000)
 Metaspace       used 94623K, committed 96512K, reserved 1179648K
  class space    used 9787K, committed 10624K, reserved 1048576K
}
Event: 761.956 GC heap before
{Heap before GC invocations=2792 (full 5):
 PSYoungGen      total 9728K, used 6676K [0x00000007aab00000, 0x00000007ab800000, 0x0000000800000000)
  eden space 6144K, 100% used [0x00000007aab00000,0x00000007ab100000,0x00000007ab100000)
  from space 3584K, 14% used [0x00000007ab300000,0x00000007ab385200,0x00000007ab680000)
  to   space 1536K, 0% used [0x00000007ab680000,0x00000007ab680000,0x00000007ab800000)
 ParOldGen       total 2725376K, used 2724970K [0x0000000700000000, 0x00000007a6580000, 0x00000007aab00000)
  object space 2725376K, 99% used [0x0000000700000000,0x00000007a651aae0,0x00000007a6580000)
 Metaspace       used 94633K, committed 96512K, reserved 1179648K
  class space    used 9787K, committed 10624K, reserved 1048576K
}
Event: 761.971 GC heap after
{Heap after GC invocations=2792 (full 5):
 PSYoungGen      total 7680K, used 1504K [0x00000007aab00000, 0x00000007ab800000, 0x0000000800000000)
  eden space 6144K, 0% used [0x00000007aab00000,0x00000007aab00000,0x00000007ab100000)
  from space 1536K, 97% used [0x00000007ab680000,0x00000007ab7f8310,0x00000007ab800000)
  to   space 3584K, 0% used [0x00000007ab100000,0x00000007ab100000,0x00000007ab480000)
 ParOldGen       total 2726400K, used 2726334K [0x0000000700000000, 0x00000007a6680000, 0x00000007aab00000)
  object space 2726400K, 99% used [0x0000000700000000,0x00000007a666f980,0x00000007a6680000)
 Metaspace       used 94633K, committed 96512K, reserved 1179648K
  class space    used 9787K, committed 10624K, reserved 1048576K
}
Event: 766.657 GC heap before
{Heap before GC invocations=2793 (full 5):
 PSYoungGen      total 7680K, used 7648K [0x00000007aab00000, 0x00000007ab800000, 0x0000000800000000)
  eden space 6144K, 100% used [0x00000007aab00000,0x00000007ab100000,0x00000007ab100000)
  from space 1536K, 97% used [0x00000007ab680000,0x00000007ab7f8310,0x00000007ab800000)
  to   space 3584K, 0% used [0x00000007ab100000,0x00000007ab100000,0x00000007ab480000)
 ParOldGen       total 2726400K, used 2726334K [0x0000000700000000, 0x00000007a6680000, 0x00000007aab00000)
  object space 2726400K, 99% used [0x0000000700000000,0x00000007a666f980,0x00000007a6680000)
 Metaspace       used 94638K, committed 96512K, reserved 1179648K
  class space    used 9787K, committed 10624K, reserved 1048576K
}
Event: 766.662 GC heap after
{Heap after GC invocations=2793 (full 5):
 PSYoungGen      total 9728K, used 1978K [0x00000007aab00000, 0x00000007ab700000, 0x0000000800000000)
  eden space 6144K, 0% used [0x00000007aab00000,0x00000007aab00000,0x00000007ab100000)
  from space 3584K, 55% used [0x00000007ab100000,0x00000007ab2ee938,0x00000007ab480000)
  to   space 2560K, 0% used [0x00000007ab480000,0x00000007ab480000,0x00000007ab700000)
 ParOldGen       total 2727936K, used 2727770K [0x0000000700000000, 0x00000007a6800000, 0x00000007aab00000)
  object space 2727936K, 99% used [0x0000000700000000,0x00000007a67d6a90,0x00000007a6800000)
 Metaspace       used 94638K, committed 96512K, reserved 1179648K
  class space    used 9787K, committed 10624K, reserved 1048576K
}
Event: 767.826 GC heap before
{Heap before GC invocations=2794 (full 5):
 PSYoungGen      total 9728K, used 8122K [0x00000007aab00000, 0x00000007ab700000, 0x0000000800000000)
  eden space 6144K, 100% used [0x00000007aab00000,0x00000007ab100000,0x00000007ab100000)
  from space 3584K, 55% used [0x00000007ab100000,0x00000007ab2ee938,0x00000007ab480000)
  to   space 2560K, 0% used [0x00000007ab480000,0x00000007ab480000,0x00000007ab700000)
 ParOldGen       total 2727936K, used 2727770K [0x0000000700000000, 0x00000007a6800000, 0x00000007aab00000)
  object space 2727936K, 99% used [0x0000000700000000,0x00000007a67d6a90,0x00000007a6800000)
 Metaspace       used 94641K, committed 96512K, reserved 1179648K
  class space    used 9787K, committed 10624K, reserved 1048576K
}
Event: 767.833 GC heap after
{Heap after GC invocations=2794 (full 5):
 PSYoungGen      total 6656K, used 160K [0x00000007aab00000, 0x00000007ab500000, 0x0000000800000000)
  eden space 6144K, 0% used [0x00000007aab00000,0x00000007aab00000,0x00000007ab100000)
  from space 512K, 31% used [0x00000007ab480000,0x00000007ab4a8000,0x00000007ab500000)
  to   space 1024K, 0% used [0x00000007ab300000,0x00000007ab300000,0x00000007ab400000)
 ParOldGen       total 2729472K, used 2729082K [0x0000000700000000, 0x00000007a6980000, 0x00000007aab00000)
  object space 2729472K, 99% used [0x0000000700000000,0x00000007a691eb00,0x00000007a6980000)
 Metaspace       used 94641K, committed 96512K, reserved 1179648K
  class space    used 9787K, committed 10624K, reserved 1048576K
}
Event: 767.900 GC heap before
{Heap before GC invocations=2795 (full 5):
 PSYoungGen      total 6656K, used 6282K [0x00000007aab00000, 0x00000007ab500000, 0x0000000800000000)
  eden space 6144K, 99% used [0x00000007aab00000,0x00000007ab0fa9a0,0x00000007ab100000)
  from space 512K, 31% used [0x00000007ab480000,0x00000007ab4a8000,0x00000007ab500000)
  to   space 1024K, 0% used [0x00000007ab300000,0x00000007ab300000,0x00000007ab400000)
 ParOldGen       total 2729472K, used 2729082K [0x0000000700000000, 0x00000007a6980000, 0x00000007aab00000)
  object space 2729472K, 99% used [0x0000000700000000,0x00000007a691eb00,0x00000007a6980000)
 Metaspace       used 94641K, committed 96512K, reserved 1179648K
  class space    used 9787K, committed 10624K, reserved 1048576K
}
Event: 767.904 GC heap after
{Heap after GC invocations=2795 (full 5):
 PSYoungGen      total 7168K, used 192K [0x00000007aab00000, 0x00000007ab500000, 0x0000000800000000)
  eden space 6144K, 0% used [0x00000007aab00000,0x00000007aab00000,0x00000007ab100000)
  from space 1024K, 18% used [0x00000007ab300000,0x00000007ab330000,0x00000007ab400000)
  to   space 512K, 0% used [0x00000007ab480000,0x00000007ab480000,0x00000007ab500000)
 ParOldGen       total 2729472K, used 2729114K [0x0000000700000000, 0x00000007a6980000, 0x00000007aab00000)
  object space 2729472K, 99% used [0x0000000700000000,0x00000007a6926b00,0x00000007a6980000)
 Metaspace       used 94641K, committed 96512K, reserved 1179648K
  class space    used 9787K, committed 10624K, reserved 1048576K
}

