# JRE version: OpenJDK Runtime Environment Temurin-21.0.11+10 (21.0.11+10) (build 21.0.11+10-LTS)
# Java VM: OpenJDK 64-Bit Server VM Temurin-21.0.11+10 (21.0.11+10-LTS, mixed mode, sharing, tiered, compressed oops, compressed class ptrs, parallel gc, windows-amd64)
GC Precious Log:
 CardTable entry size: 512
 CPUs: 12 total, 12 available
 Memory: 15178M
 Large Page Support: Disabled
 NUMA Support: Disabled
 Compressed Oops: Enabled (32-bit)
 Alignments: Space 512K, Generation 512K, Heap 2M
 Heap Min Capacity: 100M
 Heap Initial Capacity: 100M
 Heap Max Capacity: 2G
 Pre-touch: Disabled
 Parallel Workers: 10
Heap:
 PSYoungGen      total 13312K, used 10971K [0x00000000d5580000, 0x00000000d6680000, 0x0000000100000000)
  eden space 12288K, 81% used [0x00000000d5580000,0x00000000d5f3ee30,0x00000000d6180000)
  from space 1024K, 96% used [0x00000000d6180000,0x00000000d6278020,0x00000000d6280000)
  to   space 2560K, 0% used [0x00000000d6400000,0x00000000d6400000,0x00000000d6680000)
 ParOldGen       total 68608K, used 59892K [0x0000000080000000, 0x0000000084300000, 0x00000000d5580000)
  object space 68608K, 87% used [0x0000000080000000,0x0000000083a7d1b0,0x0000000084300000)
 Metaspace       used 58121K, committed 59584K, reserved 1114112K
  class space    used 6258K, committed 6912K, reserved 1048576K
GC Heap History (20 events):
Event: 12.691 GC heap before
{Heap before GC invocations=44 (full 2):
 PSYoungGen      total 15360K, used 15341K [0x00000000d5580000, 0x00000000d6780000, 0x0000000100000000)
  eden space 14336K, 100% used [0x00000000d5580000,0x00000000d6380000,0x00000000d6380000)
  from space 1024K, 98% used [0x00000000d6400000,0x00000000d64fb508,0x00000000d6500000)
  to   space 2048K, 0% used [0x00000000d6580000,0x00000000d6580000,0x00000000d6780000)
 ParOldGen       total 68608K, used 52267K [0x0000000080000000, 0x0000000084300000, 0x00000000d5580000)
  object space 68608K, 76% used [0x0000000080000000,0x000000008330acf0,0x0000000084300000)
 Metaspace       used 56504K, committed 57920K, reserved 1114112K
  class space    used 6115K, committed 6720K, reserved 1048576K
}
Event: 12.692 GC heap after
{Heap after GC invocations=44 (full 2):
 PSYoungGen      total 14848K, used 448K [0x00000000d5580000, 0x00000000d6600000, 0x0000000100000000)
  eden space 14336K, 0% used [0x00000000d5580000,0x00000000d5580000,0x00000000d6380000)
  from space 512K, 87% used [0x00000000d6580000,0x00000000d65f0020,0x00000000d6600000)
  to   space 1024K, 0% used [0x00000000d6400000,0x00000000d6400000,0x00000000d6500000)
 ParOldGen       total 68608K, used 53310K [0x0000000080000000, 0x0000000084300000, 0x00000000d5580000)
  object space 68608K, 77% used [0x0000000080000000,0x000000008340fbe8,0x0000000084300000)
 Metaspace       used 56504K, committed 57920K, reserved 1114112K
  class space    used 6115K, committed 6720K, reserved 1048576K
}
Event: 12.759 GC heap before
{Heap before GC invocations=45 (full 2):
 PSYoungGen      total 14848K, used 14784K [0x00000000d5580000, 0x00000000d6600000, 0x0000000100000000)
  eden space 14336K, 100% used [0x00000000d5580000,0x00000000d6380000,0x00000000d6380000)
  from space 512K, 87% used [0x00000000d6580000,0x00000000d65f0020,0x00000000d6600000)
  to   space 1024K, 0% used [0x00000000d6400000,0x00000000d6400000,0x00000000d6500000)
 ParOldGen       total 68608K, used 53310K [0x0000000080000000, 0x0000000084300000, 0x00000000d5580000)
  object space 68608K, 77% used [0x0000000080000000,0x000000008340fbe8,0x0000000084300000)
 Metaspace       used 56596K, committed 58048K, reserved 1114112K
  class space    used 6121K, committed 6784K, reserved 1048576K
}
Event: 12.762 GC heap after
{Heap after GC invocations=45 (full 2):
 PSYoungGen      total 15360K, used 921K [0x00000000d5580000, 0x00000000d6600000, 0x0000000100000000)
  eden space 14336K, 0% used [0x00000000d5580000,0x00000000d5580000,0x00000000d6380000)
  from space 1024K, 89% used [0x00000000d6400000,0x00000000d64e6570,0x00000000d6500000)
  to   space 1024K, 0% used [0x00000000d6500000,0x00000000d6500000,0x00000000d6600000)
 ParOldGen       total 68608K, used 53719K [0x0000000080000000, 0x0000000084300000, 0x00000000d5580000)
  object space 68608K, 78% used [0x0000000080000000,0x0000000083475c08,0x0000000084300000)
 Metaspace       used 56596K, committed 58048K, reserved 1114112K
  class space    used 6121K, committed 6784K, reserved 1048576K
}
Event: 12.831 GC heap before
{Heap before GC invocations=46 (full 2):
 PSYoungGen      total 15360K, used 15257K [0x00000000d5580000, 0x00000000d6600000, 0x0000000100000000)
  eden space 14336K, 100% used [0x00000000d5580000,0x00000000d6380000,0x00000000d6380000)
  from space 1024K, 89% used [0x00000000d6400000,0x00000000d64e6570,0x00000000d6500000)
  to   space 1024K, 0% used [0x00000000d6500000,0x00000000d6500000,0x00000000d6600000)
 ParOldGen       total 68608K, used 53719K [0x0000000080000000, 0x0000000084300000, 0x00000000d5580000)
  object space 68608K, 78% used [0x0000000080000000,0x0000000083475c08,0x0000000084300000)
 Metaspace       used 56676K, committed 58112K, reserved 1114112K
  class space    used 6125K, committed 6784K, reserved 1048576K
}
Event: 12.833 GC heap after
{Heap after GC invocations=46 (full 2):
 PSYoungGen      total 15360K, used 712K [0x00000000d5580000, 0x00000000d6600000, 0x0000000100000000)
  eden space 14336K, 0% used [0x00000000d5580000,0x00000000d5580000,0x00000000d6380000)
  from space 1024K, 69% used [0x00000000d6500000,0x00000000d65b2368,0x00000000d6600000)
  to   space 1024K, 0% used [0x00000000d6400000,0x00000000d6400000,0x00000000d6500000)
 ParOldGen       total 68608K, used 54534K [0x0000000080000000, 0x0000000084300000, 0x00000000d5580000)
  object space 68608K, 79% used [0x0000000080000000,0x0000000083541820,0x0000000084300000)
 Metaspace       used 56676K, committed 58112K, reserved 1114112K
  class space    used 6125K, committed 6784K, reserved 1048576K
}
Event: 13.051 GC heap before
{Heap before GC invocations=47 (full 2):
 PSYoungGen      total 15360K, used 15048K [0x00000000d5580000, 0x00000000d6600000, 0x0000000100000000)
  eden space 14336K, 100% used [0x00000000d5580000,0x00000000d6380000,0x00000000d6380000)
  from space 1024K, 69% used [0x00000000d6500000,0x00000000d65b2368,0x00000000d6600000)
  to   space 1024K, 0% used [0x00000000d6400000,0x00000000d6400000,0x00000000d6500000)
 ParOldGen       total 68608K, used 54534K [0x0000000080000000, 0x0000000084300000, 0x00000000d5580000)
  object space 68608K, 79% used [0x0000000080000000,0x0000000083541820,0x0000000084300000)
 Metaspace       used 56732K, committed 58176K, reserved 1114112K
  class space    used 6126K, committed 6784K, reserved 1048576K
}
Event: 13.054 GC heap after
{Heap after GC invocations=47 (full 2):
 PSYoungGen      total 15360K, used 672K [0x00000000d5580000, 0x00000000d6580000, 0x0000000100000000)
  eden space 14336K, 0% used [0x00000000d5580000,0x00000000d5580000,0x00000000d6380000)
  from space 1024K, 65% used [0x00000000d6400000,0x00000000d64a8000,0x00000000d6500000)
  to   space 512K, 0% used [0x00000000d6500000,0x00000000d6500000,0x00000000d6580000)
 ParOldGen       total 68608K, used 55068K [0x0000000080000000, 0x0000000084300000, 0x00000000d5580000)
  object space 68608K, 80% used [0x0000000080000000,0x00000000835c7018,0x0000000084300000)
 Metaspace       used 56732K, committed 58176K, reserved 1114112K
  class space    used 6126K, committed 6784K, reserved 1048576K
}
Event: 13.134 GC heap before
{Heap before GC invocations=48 (full 2):
 PSYoungGen      total 15360K, used 15008K [0x00000000d5580000, 0x00000000d6580000, 0x0000000100000000)
  eden space 14336K, 100% used [0x00000000d5580000,0x00000000d6380000,0x00000000d6380000)
  from space 1024K, 65% used [0x00000000d6400000,0x00000000d64a8000,0x00000000d6500000)
  to   space 512K, 0% used [0x00000000d6500000,0x00000000d6500000,0x00000000d6580000)
 ParOldGen       total 68608K, used 55068K [0x0000000080000000, 0x0000000084300000, 0x00000000d5580000)
  object space 68608K, 80% used [0x0000000080000000,0x00000000835c7018,0x0000000084300000)
 Metaspace       used 56756K, committed 58176K, reserved 1114112K
  class space    used 6128K, committed 6784K, reserved 1048576K
}
Event: 13.136 GC heap after
{Heap after GC invocations=48 (full 2):
 PSYoungGen      total 14848K, used 512K [0x00000000d5580000, 0x00000000d6680000, 0x0000000100000000)
  eden space 14336K, 0% used [0x00000000d5580000,0x00000000d5580000,0x00000000d6380000)
  from space 512K, 100% used [0x00000000d6500000,0x00000000d6580000,0x00000000d6580000)
  to   space 1536K, 0% used [0x00000000d6380000,0x00000000d6380000,0x00000000d6500000)
 ParOldGen       total 68608K, used 55572K [0x0000000080000000, 0x0000000084300000, 0x00000000d5580000)
  object space 68608K, 80% used [0x0000000080000000,0x0000000083645018,0x0000000084300000)
 Metaspace       used 56756K, committed 58176K, reserved 1114112K
  class space    used 6128K, committed 6784K, reserved 1048576K
}
Event: 13.201 GC heap before
{Heap before GC invocations=49 (full 2):
 PSYoungGen      total 14848K, used 14848K [0x00000000d5580000, 0x00000000d6680000, 0x0000000100000000)
  eden space 14336K, 100% used [0x00000000d5580000,0x00000000d6380000,0x00000000d6380000)
  from space 512K, 100% used [0x00000000d6500000,0x00000000d6580000,0x00000000d6580000)
  to   space 1536K, 0% used [0x00000000d6380000,0x00000000d6380000,0x00000000d6500000)
 ParOldGen       total 68608K, used 55572K [0x0000000080000000, 0x0000000084300000, 0x00000000d5580000)
  object space 68608K, 80% used [0x0000000080000000,0x0000000083645018,0x0000000084300000)
 Metaspace       used 56913K, committed 58304K, reserved 1114112K
  class space    used 6144K, committed 6784K, reserved 1048576K
}
Event: 13.205 GC heap after
{Heap after GC invocations=49 (full 2):
 PSYoungGen      total 15360K, used 642K [0x00000000d5580000, 0x00000000d6580000, 0x0000000100000000)
  eden space 14336K, 0% used [0x00000000d5580000,0x00000000d5580000,0x00000000d6380000)
  from space 1024K, 62% used [0x00000000d6380000,0x00000000d64208a8,0x00000000d6480000)
  to   space 1024K, 0% used [0x00000000d6480000,0x00000000d6480000,0x00000000d6580000)
 ParOldGen       total 68608K, used 56052K [0x0000000080000000, 0x0000000084300000, 0x00000000d5580000)
  object space 68608K, 81% used [0x0000000080000000,0x00000000836bd018,0x0000000084300000)
 Metaspace       used 56913K, committed 58304K, reserved 1114112K
  class space    used 6144K, committed 6784K, reserved 1048576K
}
Event: 13.304 GC heap before
{Heap before GC invocations=50 (full 2):
 PSYoungGen      total 15360K, used 14978K [0x00000000d5580000, 0x00000000d6580000, 0x0000000100000000)
  eden space 14336K, 100% used [0x00000000d5580000,0x00000000d6380000,0x00000000d6380000)
  from space 1024K, 62% used [0x00000000d6380000,0x00000000d64208a8,0x00000000d6480000)
  to   space 1024K, 0% used [0x00000000d6480000,0x00000000d6480000,0x00000000d6580000)
 ParOldGen       total 68608K, used 56052K [0x0000000080000000, 0x0000000084300000, 0x00000000d5580000)
  object space 68608K, 81% used [0x0000000080000000,0x00000000836bd018,0x0000000084300000)
 Metaspace       used 57006K, committed 58496K, reserved 1114112K
  class space    used 6144K, committed 6784K, reserved 1048576K
}
Event: 13.307 GC heap after
{Heap after GC invocations=50 (full 2):
 PSYoungGen      total 13312K, used 1008K [0x00000000d5580000, 0x00000000d6980000, 0x0000000100000000)
  eden space 12288K, 0% used [0x00000000d5580000,0x00000000d5580000,0x00000000d6180000)
  from space 1024K, 98% used [0x00000000d6480000,0x00000000d657c310,0x00000000d6580000)
  to   space 3072K, 0% used [0x00000000d6180000,0x00000000d6180000,0x00000000d6480000)
 ParOldGen       total 68608K, used 57337K [0x0000000080000000, 0x0000000084300000, 0x00000000d5580000)
  object space 68608K, 83% used [0x0000000080000000,0x00000000837fe790,0x0000000084300000)
 Metaspace       used 57006K, committed 58496K, reserved 1114112K
  class space    used 6144K, committed 6784K, reserved 1048576K
}
Event: 13.378 GC heap before
{Heap before GC invocations=51 (full 2):
 PSYoungGen      total 13312K, used 13296K [0x00000000d5580000, 0x00000000d6980000, 0x0000000100000000)
  eden space 12288K, 100% used [0x00000000d5580000,0x00000000d6180000,0x00000000d6180000)
  from space 1024K, 98% used [0x00000000d6480000,0x00000000d657c310,0x00000000d6580000)
  to   space 3072K, 0% used [0x00000000d6180000,0x00000000d6180000,0x00000000d6480000)
 ParOldGen       total 68608K, used 57337K [0x0000000080000000, 0x0000000084300000, 0x00000000d5580000)
  object space 68608K, 83% used [0x0000000080000000,0x00000000837fe790,0x0000000084300000)
 Metaspace       used 57150K, committed 58624K, reserved 1114112K
  class space    used 6150K, committed 6784K, reserved 1048576K
}
Event: 13.380 GC heap after
{Heap after GC invocations=51 (full 2):
 PSYoungGen      total 13312K, used 823K [0x00000000d5580000, 0x00000000d6500000, 0x0000000100000000)
  eden space 12288K, 0% used [0x00000000d5580000,0x00000000d5580000,0x00000000d6180000)
  from space 1024K, 80% used [0x00000000d6180000,0x00000000d624df10,0x00000000d6280000)
  to   space 1536K, 0% used [0x00000000d6380000,0x00000000d6380000,0x00000000d6500000)
 ParOldGen       total 68608K, used 58250K [0x0000000080000000, 0x0000000084300000, 0x00000000d5580000)
  object space 68608K, 84% used [0x0000000080000000,0x00000000838e2a70,0x0000000084300000)
 Metaspace       used 57150K, committed 58624K, reserved 1114112K
  class space    used 6150K, committed 6784K, reserved 1048576K
}
Event: 13.435 GC heap before
{Heap before GC invocations=52 (full 2):
 PSYoungGen      total 13312K, used 13111K [0x00000000d5580000, 0x00000000d6500000, 0x0000000100000000)
  eden space 12288K, 100% used [0x00000000d5580000,0x00000000d6180000,0x00000000d6180000)
  from space 1024K, 80% used [0x00000000d6180000,0x00000000d624df10,0x00000000d6280000)
  to   space 1536K, 0% used [0x00000000d6380000,0x00000000d6380000,0x00000000d6500000)
 ParOldGen       total 68608K, used 58250K [0x0000000080000000, 0x0000000084300000, 0x00000000d5580000)
  object space 68608K, 84% used [0x0000000080000000,0x00000000838e2a70,0x0000000084300000)
 Metaspace       used 57258K, committed 58688K, reserved 1114112K
  class space    used 6160K, committed 6784K, reserved 1048576K
}
Event: 13.437 GC heap after
{Heap after GC invocations=52 (full 2):
 PSYoungGen      total 13312K, used 703K [0x00000000d5580000, 0x00000000d6480000, 0x0000000100000000)
  eden space 12288K, 0% used [0x00000000d5580000,0x00000000d5580000,0x00000000d6180000)
  from space 1024K, 68% used [0x00000000d6380000,0x00000000d642ff70,0x00000000d6480000)
  to   space 1024K, 0% used [0x00000000d6180000,0x00000000d6180000,0x00000000d6280000)
 ParOldGen       total 68608K, used 58953K [0x0000000080000000, 0x0000000084300000, 0x00000000d5580000)
  object space 68608K, 85% used [0x0000000080000000,0x0000000083992580,0x0000000084300000)
 Metaspace       used 57258K, committed 58688K, reserved 1114112K
  class space    used 6160K, committed 6784K, reserved 1048576K
}
Event: 13.589 GC heap before
{Heap before GC invocations=53 (full 2):
 PSYoungGen      total 13312K, used 12991K [0x00000000d5580000, 0x00000000d6480000, 0x0000000100000000)
  eden space 12288K, 100% used [0x00000000d5580000,0x00000000d6180000,0x00000000d6180000)
  from space 1024K, 68% used [0x00000000d6380000,0x00000000d642ff70,0x00000000d6480000)
  to   space 1024K, 0% used [0x00000000d6180000,0x00000000d6180000,0x00000000d6280000)
 ParOldGen       total 68608K, used 58953K [0x0000000080000000, 0x0000000084300000, 0x00000000d5580000)
  object space 68608K, 85% used [0x0000000080000000,0x0000000083992580,0x0000000084300000)
 Metaspace       used 57901K, committed 59328K, reserved 1114112K
  class space    used 6233K, committed 6848K, reserved 1048576K
}
Event: 13.593 GC heap after
{Heap after GC invocations=53 (full 2):
 PSYoungGen      total 13312K, used 992K [0x00000000d5580000, 0x00000000d6680000, 0x0000000100000000)
  eden space 12288K, 0% used [0x00000000d5580000,0x00000000d5580000,0x00000000d6180000)
  from space 1024K, 96% used [0x00000000d6180000,0x00000000d6278020,0x00000000d6280000)
  to   space 2560K, 0% used [0x00000000d6400000,0x00000000d6400000,0x00000000d6680000)
 ParOldGen       total 68608K, used 59892K [0x0000000080000000, 0x0000000084300000, 0x00000000d5580000)
  object space 68608K, 87% used [0x0000000080000000,0x0000000083a7d1b0,0x0000000084300000)
 Metaspace       used 57901K, committed 59328K, reserved 1114112K
  class space    used 6233K, committed 6848K, reserved 1048576K
}

