# JRE version: OpenJDK Runtime Environment Temurin-21.0.11+10 (21.0.11+10) (build 21.0.11+10-LTS)
# Java VM: OpenJDK 64-Bit Server VM Temurin-21.0.11+10 (21.0.11+10-LTS, mixed mode, sharing, tiered, compressed oops, compressed class ptrs, parallel gc, windows-amd64)
GC Precious Log:
 CardTable entry size: 512
 CPUs: 12 total, 12 available
 Memory: 15178M
 Large Page Support: Disabled
 NUMA Support: Disabled
 Compressed Oops: Enabled (Zero based)
 Alignments: Space 512K, Generation 512K, Heap 2M
 Heap Min Capacity: 100M
 Heap Initial Capacity: 100M
 Heap Max Capacity: 4G
 Pre-touch: Disabled
 Parallel Workers: 10
Heap:
 PSYoungGen      total 14848K, used 6117K [0x00000007aab00000, 0x00000007abe00000, 0x0000000800000000)
  eden space 13312K, 37% used [0x00000007aab00000,0x00000007aafd03a0,0x00000007ab800000)
  from space 1536K, 77% used [0x00000007abc80000,0x00000007abda9210,0x00000007abe00000)
  to   space 1536K, 0% used [0x00000007abb00000,0x00000007abb00000,0x00000007abc80000)
 ParOldGen       total 2522624K, used 92359K [0x0000000700000000, 0x0000000799f80000, 0x00000007aab00000)
  object space 2522624K, 3% used [0x0000000700000000,0x0000000705a31d30,0x0000000799f80000)
 Metaspace       used 89494K, committed 91392K, reserved 1179648K
  class space    used 9225K, committed 10112K, reserved 1048576K
GC Heap History (20 events):
Event: 182.257 GC heap before
{Heap before GC invocations=1500 (full 4):
 PSYoungGen      total 10752K, used 10742K [0x00000007aab00000, 0x00000007ac800000, 0x0000000800000000)
  eden space 5632K, 99% used [0x00000007aab00000,0x00000007ab07da38,0x00000007ab080000)
  from space 5120K, 100% used [0x00000007ab080000,0x00000007ab580000,0x00000007ab580000)
  to   space 11264K, 0% used [0x00000007abd00000,0x00000007abd00000,0x00000007ac800000)
 ParOldGen       total 2478080K, used 2477925K [0x0000000700000000, 0x0000000797400000, 0x00000007aab00000)
  object space 2478080K, 99% used [0x0000000700000000,0x00000007973d96c8,0x0000000797400000)
 Metaspace       used 86247K, committed 88000K, reserved 1179648K
  class space    used 8820K, committed 9664K, reserved 1048576K
}
Event: 182.265 GC heap after
{Heap after GC invocations=1500 (full 4):
 PSYoungGen      total 12800K, used 5121K [0x00000007aab00000, 0x00000007ac280000, 0x0000000800000000)
  eden space 7168K, 0% used [0x00000007aab00000,0x00000007aab00000,0x00000007ab200000)
  from space 5632K, 90% used [0x00000007abd00000,0x00000007ac2007c0,0x00000007ac280000)
  to   space 7168K, 0% used [0x00000007ab480000,0x00000007ab480000,0x00000007abb80000)
 ParOldGen       total 2483200K, used 2483045K [0x0000000700000000, 0x0000000797900000, 0x00000007aab00000)
  object space 2483200K, 99% used [0x0000000700000000,0x00000007978d96c8,0x0000000797900000)
 Metaspace       used 86247K, committed 88000K, reserved 1179648K
  class space    used 8820K, committed 9664K, reserved 1048576K
}
Event: 182.298 GC heap before
{Heap before GC invocations=1501 (full 4):
 PSYoungGen      total 12800K, used 12289K [0x00000007aab00000, 0x00000007ac280000, 0x0000000800000000)
  eden space 7168K, 99% used [0x00000007aab00000,0x00000007ab1fffe8,0x00000007ab200000)
  from space 5632K, 90% used [0x00000007abd00000,0x00000007ac2007c0,0x00000007ac280000)
  to   space 7168K, 0% used [0x00000007ab480000,0x00000007ab480000,0x00000007abb80000)
 ParOldGen       total 2483200K, used 2483045K [0x0000000700000000, 0x0000000797900000, 0x00000007aab00000)
  object space 2483200K, 99% used [0x0000000700000000,0x00000007978d96c8,0x0000000797900000)
 Metaspace       used 86254K, committed 88064K, reserved 1179648K
  class space    used 8820K, committed 9664K, reserved 1048576K
}
Event: 182.307 GC heap after
{Heap after GC invocations=1501 (full 4):
 PSYoungGen      total 10240K, used 1408K [0x00000007aab00000, 0x00000007abd80000, 0x0000000800000000)
  eden space 8704K, 0% used [0x00000007aab00000,0x00000007aab00000,0x00000007ab380000)
  from space 1536K, 91% used [0x00000007ab480000,0x00000007ab5e0000,0x00000007ab600000)
  to   space 3072K, 0% used [0x00000007aba80000,0x00000007aba80000,0x00000007abd80000)
 ParOldGen       total 2485248K, used 2484893K [0x0000000700000000, 0x0000000797b00000, 0x00000007aab00000)
  object space 2485248K, 99% used [0x0000000700000000,0x0000000797aa76c8,0x0000000797b00000)
 Metaspace       used 86254K, committed 88064K, reserved 1179648K
  class space    used 8820K, committed 9664K, reserved 1048576K
}
Event: 182.325 GC heap before
{Heap before GC invocations=1502 (full 4):
 PSYoungGen      total 10240K, used 10112K [0x00000007aab00000, 0x00000007abd80000, 0x0000000800000000)
  eden space 8704K, 100% used [0x00000007aab00000,0x00000007ab380000,0x00000007ab380000)
  from space 1536K, 91% used [0x00000007ab480000,0x00000007ab5e0000,0x00000007ab600000)
  to   space 3072K, 0% used [0x00000007aba80000,0x00000007aba80000,0x00000007abd80000)
 ParOldGen       total 2508800K, used 2507933K [0x0000000700000000, 0x0000000799200000, 0x00000007aab00000)
  object space 2508800K, 99% used [0x0000000700000000,0x00000007991276e8,0x0000000799200000)
 Metaspace       used 86255K, committed 88064K, reserved 1179648K
  class space    used 8820K, committed 9664K, reserved 1048576K
}
Event: 182.333 GC heap after
{Heap after GC invocations=1502 (full 4):
 PSYoungGen      total 11264K, used 304K [0x00000007aab00000, 0x00000007abb00000, 0x0000000800000000)
  eden space 10752K, 0% used [0x00000007aab00000,0x00000007aab00000,0x00000007ab580000)
  from space 512K, 59% used [0x00000007aba80000,0x00000007abacc010,0x00000007abb00000)
  to   space 1024K, 0% used [0x00000007ab900000,0x00000007ab900000,0x00000007aba00000)
 ParOldGen       total 2516992K, used 2516885K [0x0000000700000000, 0x0000000799a00000, 0x00000007aab00000)
  object space 2516992K, 99% used [0x0000000700000000,0x00000007999e56f8,0x0000000799a00000)
 Metaspace       used 86255K, committed 88064K, reserved 1179648K
  class space    used 8820K, committed 9664K, reserved 1048576K
}
Event: 182.381 GC heap before
{Heap before GC invocations=1503 (full 4):
 PSYoungGen      total 11264K, used 11056K [0x00000007aab00000, 0x00000007abb00000, 0x0000000800000000)
  eden space 10752K, 100% used [0x00000007aab00000,0x00000007ab580000,0x00000007ab580000)
  from space 512K, 59% used [0x00000007aba80000,0x00000007abacc010,0x00000007abb00000)
  to   space 1024K, 0% used [0x00000007ab900000,0x00000007ab900000,0x00000007aba00000)
 ParOldGen       total 2516992K, used 2516885K [0x0000000700000000, 0x0000000799a00000, 0x00000007aab00000)
  object space 2516992K, 99% used [0x0000000700000000,0x00000007999e56f8,0x0000000799a00000)
 Metaspace       used 86260K, committed 88064K, reserved 1179648K
  class space    used 8820K, committed 9664K, reserved 1048576K
}
Event: 182.388 GC heap after
{Heap after GC invocations=1503 (full 4):
 PSYoungGen      total 14336K, used 1020K [0x00000007aab00000, 0x00000007ac700000, 0x0000000800000000)
  eden space 13312K, 0% used [0x00000007aab00000,0x00000007aab00000,0x00000007ab800000)
  from space 1024K, 99% used [0x00000007ab900000,0x00000007ab9ff2c8,0x00000007aba00000)
  to   space 7680K, 0% used [0x00000007abf80000,0x00000007abf80000,0x00000007ac700000)
 ParOldGen       total 2522624K, used 2522307K [0x0000000700000000, 0x0000000799f80000, 0x00000007aab00000)
  object space 2522624K, 99% used [0x0000000700000000,0x0000000799f30fb0,0x0000000799f80000)
 Metaspace       used 86260K, committed 88064K, reserved 1179648K
  class space    used 8820K, committed 9664K, reserved 1048576K
}
Event: 182.904 GC heap before
{Heap before GC invocations=1504 (full 4):
 PSYoungGen      total 14336K, used 9623K [0x00000007aab00000, 0x00000007ac700000, 0x0000000800000000)
  eden space 13312K, 64% used [0x00000007aab00000,0x00000007ab366ce8,0x00000007ab800000)
  from space 1024K, 99% used [0x00000007ab900000,0x00000007ab9ff2c8,0x00000007aba00000)
  to   space 7680K, 0% used [0x00000007abf80000,0x00000007abf80000,0x00000007ac700000)
 ParOldGen       total 2522624K, used 2522307K [0x0000000700000000, 0x0000000799f80000, 0x00000007aab00000)
  object space 2522624K, 99% used [0x0000000700000000,0x0000000799f30fb0,0x0000000799f80000)
 Metaspace       used 86389K, committed 88128K, reserved 1179648K
  class space    used 8828K, committed 9664K, reserved 1048576K
}
Event: 182.908 GC heap after
{Heap after GC invocations=1504 (full 4):
 PSYoungGen      total 14336K, used 672K [0x00000007aab00000, 0x00000007ac080000, 0x0000000800000000)
  eden space 13312K, 0% used [0x00000007aab00000,0x00000007aab00000,0x00000007ab800000)
  from space 1024K, 65% used [0x00000007abf80000,0x00000007ac028000,0x00000007ac080000)
  to   space 3072K, 0% used [0x00000007aba80000,0x00000007aba80000,0x00000007abd80000)
 ParOldGen       total 2522624K, used 2522451K [0x0000000700000000, 0x0000000799f80000, 0x00000007aab00000)
  object space 2522624K, 99% used [0x0000000700000000,0x0000000799f54fb0,0x0000000799f80000)
 Metaspace       used 86389K, committed 88128K, reserved 1179648K
  class space    used 8828K, committed 9664K, reserved 1048576K
}
Event: 182.908 GC heap before
{Heap before GC invocations=1505 (full 5):
 PSYoungGen      total 14336K, used 672K [0x00000007aab00000, 0x00000007ac080000, 0x0000000800000000)
  eden space 13312K, 0% used [0x00000007aab00000,0x00000007aab00000,0x00000007ab800000)
  from space 1024K, 65% used [0x00000007abf80000,0x00000007ac028000,0x00000007ac080000)
  to   space 3072K, 0% used [0x00000007aba80000,0x00000007aba80000,0x00000007abd80000)
 ParOldGen       total 2522624K, used 2522451K [0x0000000700000000, 0x0000000799f80000, 0x00000007aab00000)
  object space 2522624K, 99% used [0x0000000700000000,0x0000000799f54fb0,0x0000000799f80000)
 Metaspace       used 86389K, committed 88128K, reserved 1179648K
  class space    used 8828K, committed 9664K, reserved 1048576K
}
Event: 183.057 GC heap after
{Heap after GC invocations=1505 (full 5):
 PSYoungGen      total 14336K, used 0K [0x00000007aab00000, 0x00000007ac080000, 0x0000000800000000)
  eden space 13312K, 0% used [0x00000007aab00000,0x00000007aab00000,0x00000007ab800000)
  from space 1024K, 0% used [0x00000007abf80000,0x00000007abf80000,0x00000007ac080000)
  to   space 3072K, 0% used [0x00000007aba80000,0x00000007aba80000,0x00000007abd80000)
 ParOldGen       total 2522624K, used 88699K [0x0000000700000000, 0x0000000799f80000, 0x00000007aab00000)
  object space 2522624K, 3% used [0x0000000700000000,0x000000070569ece8,0x0000000799f80000)
 Metaspace       used 86389K, committed 88128K, reserved 1179648K
  class space    used 8828K, committed 9664K, reserved 1048576K
}
Event: 183.100 GC heap before
{Heap before GC invocations=1506 (full 5):
 PSYoungGen      total 14336K, used 13312K [0x00000007aab00000, 0x00000007ac080000, 0x0000000800000000)
  eden space 13312K, 100% used [0x00000007aab00000,0x00000007ab800000,0x00000007ab800000)
  from space 1024K, 0% used [0x00000007abf80000,0x00000007abf80000,0x00000007ac080000)
  to   space 3072K, 0% used [0x00000007aba80000,0x00000007aba80000,0x00000007abd80000)
 ParOldGen       total 2522624K, used 88699K [0x0000000700000000, 0x0000000799f80000, 0x00000007aab00000)
  object space 2522624K, 3% used [0x0000000700000000,0x000000070569ece8,0x0000000799f80000)
 Metaspace       used 86610K, committed 88384K, reserved 1179648K
  class space    used 8842K, committed 9664K, reserved 1048576K
}
Event: 183.103 GC heap after
{Heap after GC invocations=1506 (full 5):
 PSYoungGen      total 16384K, used 3061K [0x00000007aab00000, 0x00000007ac300000, 0x0000000800000000)
  eden space 13312K, 0% used [0x00000007aab00000,0x00000007aab00000,0x00000007ab800000)
  from space 3072K, 99% used [0x00000007aba80000,0x00000007abd7d410,0x00000007abd80000)
  to   space 5632K, 0% used [0x00000007abd80000,0x00000007abd80000,0x00000007ac300000)
 ParOldGen       total 2522624K, used 90396K [0x0000000700000000, 0x0000000799f80000, 0x00000007aab00000)
  object space 2522624K, 3% used [0x0000000700000000,0x00000007058471e8,0x0000000799f80000)
 Metaspace       used 86610K, committed 88384K, reserved 1179648K
  class space    used 8842K, committed 9664K, reserved 1048576K
}
Event: 183.193 GC heap before
{Heap before GC invocations=1507 (full 5):
 PSYoungGen      total 16384K, used 16373K [0x00000007aab00000, 0x00000007ac300000, 0x0000000800000000)
  eden space 13312K, 100% used [0x00000007aab00000,0x00000007ab800000,0x00000007ab800000)
  from space 3072K, 99% used [0x00000007aba80000,0x00000007abd7d410,0x00000007abd80000)
  to   space 5632K, 0% used [0x00000007abd80000,0x00000007abd80000,0x00000007ac300000)
 ParOldGen       total 2522624K, used 90396K [0x0000000700000000, 0x0000000799f80000, 0x00000007aab00000)
  object space 2522624K, 3% used [0x0000000700000000,0x00000007058471e8,0x0000000799f80000)
 Metaspace       used 86713K, committed 88448K, reserved 1179648K
  class space    used 8852K, committed 9664K, reserved 1048576K
}
Event: 183.195 GC heap after
{Heap after GC invocations=1507 (full 5):
 PSYoungGen      total 15360K, used 1850K [0x00000007aab00000, 0x00000007abf80000, 0x0000000800000000)
  eden space 13312K, 0% used [0x00000007aab00000,0x00000007aab00000,0x00000007ab800000)
  from space 2048K, 90% used [0x00000007abd80000,0x00000007abf4e900,0x00000007abf80000)
  to   space 3072K, 0% used [0x00000007ab980000,0x00000007ab980000,0x00000007abc80000)
 ParOldGen       total 2522624K, used 90604K [0x0000000700000000, 0x0000000799f80000, 0x00000007aab00000)
  object space 2522624K, 3% used [0x0000000700000000,0x000000070587b1f8,0x0000000799f80000)
 Metaspace       used 86713K, committed 88448K, reserved 1179648K
  class space    used 8852K, committed 9664K, reserved 1048576K
}
Event: 183.379 GC heap before
{Heap before GC invocations=1508 (full 5):
 PSYoungGen      total 15360K, used 15157K [0x00000007aab00000, 0x00000007abf80000, 0x0000000800000000)
  eden space 13312K, 99% used [0x00000007aab00000,0x00000007ab7fec98,0x00000007ab800000)
  from space 2048K, 90% used [0x00000007abd80000,0x00000007abf4e900,0x00000007abf80000)
  to   space 3072K, 0% used [0x00000007ab980000,0x00000007ab980000,0x00000007abc80000)
 ParOldGen       total 2522624K, used 90604K [0x0000000700000000, 0x0000000799f80000, 0x00000007aab00000)
  object space 2522624K, 3% used [0x0000000700000000,0x000000070587b1f8,0x0000000799f80000)
 Metaspace       used 88667K, committed 90560K, reserved 1179648K
  class space    used 9111K, committed 9984K, reserved 1048576K
}
Event: 183.381 GC heap after
{Heap after GC invocations=1508 (full 5):
 PSYoungGen      total 16384K, used 820K [0x00000007aab00000, 0x00000007abe00000, 0x0000000800000000)
  eden space 13312K, 0% used [0x00000007aab00000,0x00000007aab00000,0x00000007ab800000)
  from space 3072K, 26% used [0x00000007ab980000,0x00000007aba4d070,0x00000007abc80000)
  to   space 1536K, 0% used [0x00000007abc80000,0x00000007abc80000,0x00000007abe00000)
 ParOldGen       total 2522624K, used 91777K [0x0000000700000000, 0x0000000799f80000, 0x00000007aab00000)
  object space 2522624K, 3% used [0x0000000700000000,0x00000007059a0660,0x0000000799f80000)
 Metaspace       used 88667K, committed 90560K, reserved 1179648K
  class space    used 9111K, committed 9984K, reserved 1048576K
}
Event: 184.610 GC heap before
{Heap before GC invocations=1509 (full 5):
 PSYoungGen      total 16384K, used 14132K [0x00000007aab00000, 0x00000007abe00000, 0x0000000800000000)
  eden space 13312K, 100% used [0x00000007aab00000,0x00000007ab800000,0x00000007ab800000)
  from space 3072K, 26% used [0x00000007ab980000,0x00000007aba4d070,0x00000007abc80000)
  to   space 1536K, 0% used [0x00000007abc80000,0x00000007abc80000,0x00000007abe00000)
 ParOldGen       total 2522624K, used 91777K [0x0000000700000000, 0x0000000799f80000, 0x00000007aab00000)
  object space 2522624K, 3% used [0x0000000700000000,0x00000007059a0660,0x0000000799f80000)
 Metaspace       used 89491K, committed 91392K, reserved 1179648K
  class space    used 9225K, committed 10112K, reserved 1048576K
}
Event: 184.612 GC heap after
{Heap after GC invocations=1509 (full 5):
 PSYoungGen      total 14848K, used 1188K [0x00000007aab00000, 0x00000007abe00000, 0x0000000800000000)
  eden space 13312K, 0% used [0x00000007aab00000,0x00000007aab00000,0x00000007ab800000)
  from space 1536K, 77% used [0x00000007abc80000,0x00000007abda9210,0x00000007abe00000)
  to   space 1536K, 0% used [0x00000007abb00000,0x00000007abb00000,0x00000007abc80000)
 ParOldGen       total 2522624K, used 92359K [0x0000000700000000, 0x0000000799f80000, 0x00000007aab00000)
  object space 2522624K, 3% used [0x0000000700000000,0x0000000705a31d30,0x0000000799f80000)
 Metaspace       used 89491K, committed 91392K, reserved 1179648K
  class space    used 9225K, committed 10112K, reserved 1048576K
}

