# JRE version: OpenJDK Runtime Environment Temurin-21.0.11+10 (21.0.11+10) (build 21.0.11+10-LTS)
# Java VM: OpenJDK 64-Bit Server VM Temurin-21.0.11+10 (21.0.11+10-LTS, mixed mode, sharing, tiered, compressed oops, compressed class ptrs, parallel gc, windows-amd64)
GC Precious Log:
 CardTable entry size: 512
 CPUs: 12 total, 12 available
 Memory: 15178M
 Large Page Support: Disabled
 NUMA Support: Disabled
 Compressed Oops: Enabled (Zero based)
 Alignments: Space 512K, Generation 512K, Heap 2M
 Heap Min Capacity: 100M
 Heap Initial Capacity: 100M
 Heap Max Capacity: 4G
 Pre-touch: Disabled
 Parallel Workers: 10
Heap:
 PSYoungGen      total 4096K, used 544K [0x00000007aab00000, 0x00000007ab080000, 0x0000000800000000)
  eden space 3584K, 6% used [0x00000007aab00000,0x00000007aab381d8,0x00000007aae80000)
  from space 512K, 62% used [0x00000007ab000000,0x00000007ab050000,0x00000007ab080000)
  to   space 512K, 0% used [0x00000007aaf80000,0x00000007aaf80000,0x00000007ab000000)
 ParOldGen       total 1471488K, used 1470267K [0x0000000700000000, 0x0000000759d00000, 0x00000007aab00000)
  object space 1471488K, 99% used [0x0000000700000000,0x0000000759bceda0,0x0000000759d00000)
 Metaspace       used 89797K, committed 91712K, reserved 1179648K
  class space    used 9397K, committed 10240K, reserved 1048576K
GC Heap History (20 events):
Event: 2508.580 GC heap before
{Heap before GC invocations=1141 (full 4):
 PSYoungGen      total 7168K, used 6214K [0x00000007aab00000, 0x00000007ab680000, 0x0000000800000000)
  eden space 4096K, 81% used [0x00000007aab00000,0x00000007aae43450,0x00000007aaf00000)
  from space 3072K, 93% used [0x00000007ab380000,0x00000007ab64e400,0x00000007ab680000)
  to   space 3584K, 0% used [0x00000007aaf80000,0x00000007aaf80000,0x00000007ab300000)
 ParOldGen       total 1423872K, used 1423462K [0x0000000700000000, 0x0000000756e80000, 0x00000007aab00000)
  object space 1423872K, 99% used [0x0000000700000000,0x0000000756e19ab0,0x0000000756e80000)
 Metaspace       used 89758K, committed 91648K, reserved 1179648K
  class space    used 9391K, committed 10240K, reserved 1048576K
}
Event: 2508.586 GC heap after
{Heap after GC invocations=1141 (full 4):
 PSYoungGen      total 8192K, used 3080K [0x00000007aab00000, 0x00000007ab700000, 0x0000000800000000)
  eden space 4608K, 0% used [0x00000007aab00000,0x00000007aab00000,0x00000007aaf80000)
  from space 3584K, 85% used [0x00000007aaf80000,0x00000007ab282000,0x00000007ab300000)
  to   space 3584K, 0% used [0x00000007ab380000,0x00000007ab380000,0x00000007ab700000)
 ParOldGen       total 1426432K, used 1426070K [0x0000000700000000, 0x0000000757100000, 0x00000007aab00000)
  object space 1426432K, 99% used [0x0000000700000000,0x00000007570a5ab0,0x0000000757100000)
 Metaspace       used 89758K, committed 91648K, reserved 1179648K
  class space    used 9391K, committed 10240K, reserved 1048576K
}
Event: 2508.640 GC heap before
{Heap before GC invocations=1142 (full 4):
 PSYoungGen      total 8192K, used 7688K [0x00000007aab00000, 0x00000007ab700000, 0x0000000800000000)
  eden space 4608K, 100% used [0x00000007aab00000,0x00000007aaf80000,0x00000007aaf80000)
  from space 3584K, 85% used [0x00000007aaf80000,0x00000007ab282000,0x00000007ab300000)
  to   space 3584K, 0% used [0x00000007ab380000,0x00000007ab380000,0x00000007ab700000)
 ParOldGen       total 1426432K, used 1426070K [0x0000000700000000, 0x0000000757100000, 0x00000007aab00000)
  object space 1426432K, 99% used [0x0000000700000000,0x00000007570a5ab0,0x0000000757100000)
 Metaspace       used 89758K, committed 91648K, reserved 1179648K
  class space    used 9391K, committed 10240K, reserved 1048576K
}
Event: 2508.646 GC heap after
{Heap after GC invocations=1142 (full 4):
 PSYoungGen      total 4608K, used 3580K [0x00000007aab00000, 0x00000007abf80000, 0x0000000800000000)
  eden space 1024K, 0% used [0x00000007aab00000,0x00000007aab00000,0x00000007aac00000)
  from space 3584K, 99% used [0x00000007ab380000,0x00000007ab6ff0c0,0x00000007ab700000)
  to   space 7680K, 0% used [0x00000007aac00000,0x00000007aac00000,0x00000007ab380000)
 ParOldGen       total 1429504K, used 1429146K [0x0000000700000000, 0x0000000757400000, 0x00000007aab00000)
  object space 1429504K, 99% used [0x0000000700000000,0x00000007573a6ab0,0x0000000757400000)
 Metaspace       used 89758K, committed 91648K, reserved 1179648K
  class space    used 9391K, committed 10240K, reserved 1048576K
}
Event: 2508.648 GC heap before
{Heap before GC invocations=1143 (full 4):
 PSYoungGen      total 4608K, used 4604K [0x00000007aab00000, 0x00000007abf80000, 0x0000000800000000)
  eden space 1024K, 100% used [0x00000007aab00000,0x00000007aac00000,0x00000007aac00000)
  from space 3584K, 99% used [0x00000007ab380000,0x00000007ab6ff0c0,0x00000007ab700000)
  to   space 7680K, 0% used [0x00000007aac00000,0x00000007aac00000,0x00000007ab380000)
 ParOldGen       total 1429504K, used 1429146K [0x0000000700000000, 0x0000000757400000, 0x00000007aab00000)
  object space 1429504K, 99% used [0x0000000700000000,0x00000007573a6ab0,0x0000000757400000)
 Metaspace       used 89758K, committed 91648K, reserved 1179648K
  class space    used 9391K, committed 10240K, reserved 1048576K
}
Event: 2508.653 GC heap after
{Heap after GC invocations=1143 (full 4):
 PSYoungGen      total 2560K, used 1120K [0x00000007aab00000, 0x00000007ab400000, 0x0000000800000000)
  eden space 1024K, 0% used [0x00000007aab00000,0x00000007aab00000,0x00000007aac00000)
  from space 1536K, 72% used [0x00000007aac00000,0x00000007aad18000,0x00000007aad80000)
  to   space 3584K, 0% used [0x00000007ab080000,0x00000007ab080000,0x00000007ab400000)
 ParOldGen       total 1433088K, used 1432774K [0x0000000700000000, 0x0000000757780000, 0x00000007aab00000)
  object space 1433088K, 99% used [0x0000000700000000,0x0000000757731b70,0x0000000757780000)
 Metaspace       used 89758K, committed 91648K, reserved 1179648K
  class space    used 9391K, committed 10240K, reserved 1048576K
}
Event: 2508.655 GC heap before
{Heap before GC invocations=1144 (full 4):
 PSYoungGen      total 2560K, used 2144K [0x00000007aab00000, 0x00000007ab400000, 0x0000000800000000)
  eden space 1024K, 100% used [0x00000007aab00000,0x00000007aac00000,0x00000007aac00000)
  from space 1536K, 72% used [0x00000007aac00000,0x00000007aad18000,0x00000007aad80000)
  to   space 3584K, 0% used [0x00000007ab080000,0x00000007ab080000,0x00000007ab400000)
 ParOldGen       total 1433088K, used 1432774K [0x0000000700000000, 0x0000000757780000, 0x00000007aab00000)
  object space 1433088K, 99% used [0x0000000700000000,0x0000000757731b70,0x0000000757780000)
 Metaspace       used 89758K, committed 91648K, reserved 1179648K
  class space    used 9391K, committed 10240K, reserved 1048576K
}
Event: 2508.659 GC heap after
{Heap after GC invocations=1144 (full 4):
 PSYoungGen      total 3072K, used 1152K [0x00000007aab00000, 0x00000007ab200000, 0x0000000800000000)
  eden space 1536K, 0% used [0x00000007aab00000,0x00000007aab00000,0x00000007aac80000)
  from space 1536K, 75% used [0x00000007ab080000,0x00000007ab1a0000,0x00000007ab200000)
  to   space 1536K, 0% used [0x00000007aaf00000,0x00000007aaf00000,0x00000007ab080000)
 ParOldGen       total 1434112K, used 1433822K [0x0000000700000000, 0x0000000757880000, 0x00000007aab00000)
  object space 1434112K, 99% used [0x0000000700000000,0x0000000757837b70,0x0000000757880000)
 Metaspace       used 89758K, committed 91648K, reserved 1179648K
  class space    used 9391K, committed 10240K, reserved 1048576K
}
Event: 2508.661 GC heap before
{Heap before GC invocations=1145 (full 4):
 PSYoungGen      total 3072K, used 2688K [0x00000007aab00000, 0x00000007ab200000, 0x0000000800000000)
  eden space 1536K, 100% used [0x00000007aab00000,0x00000007aac80000,0x00000007aac80000)
  from space 1536K, 75% used [0x00000007ab080000,0x00000007ab1a0000,0x00000007ab200000)
  to   space 1536K, 0% used [0x00000007aaf00000,0x00000007aaf00000,0x00000007ab080000)
 ParOldGen       total 1434112K, used 1433822K [0x0000000700000000, 0x0000000757880000, 0x00000007aab00000)
  object space 1434112K, 99% used [0x0000000700000000,0x0000000757837b70,0x0000000757880000)
 Metaspace       used 89758K, committed 91648K, reserved 1179648K
  class space    used 9391K, committed 10240K, reserved 1048576K
}
Event: 2508.665 GC heap after
{Heap after GC invocations=1145 (full 4):
 PSYoungGen      total 3584K, used 1536K [0x00000007aab00000, 0x00000007ab300000, 0x0000000800000000)
  eden space 2048K, 0% used [0x00000007aab00000,0x00000007aab00000,0x00000007aad00000)
  from space 1536K, 100% used [0x00000007aaf00000,0x00000007ab080000,0x00000007ab080000)
  to   space 2560K, 0% used [0x00000007ab080000,0x00000007ab080000,0x00000007ab300000)
 ParOldGen       total 1435136K, used 1434894K [0x0000000700000000, 0x0000000757980000, 0x00000007aab00000)
  object space 1435136K, 99% used [0x0000000700000000,0x0000000757943b70,0x0000000757980000)
 Metaspace       used 89758K, committed 91648K, reserved 1179648K
  class space    used 9391K, committed 10240K, reserved 1048576K
}
Event: 2508.672 GC heap before
{Heap before GC invocations=1146 (full 4):
 PSYoungGen      total 3584K, used 3584K [0x00000007aab00000, 0x00000007ab300000, 0x0000000800000000)
  eden space 2048K, 100% used [0x00000007aab00000,0x00000007aad00000,0x00000007aad00000)
  from space 1536K, 100% used [0x00000007aaf00000,0x00000007ab080000,0x00000007ab080000)
  to   space 2560K, 0% used [0x00000007ab080000,0x00000007ab080000,0x00000007ab300000)
 ParOldGen       total 1435136K, used 1434894K [0x0000000700000000, 0x0000000757980000, 0x00000007aab00000)
  object space 1435136K, 99% used [0x0000000700000000,0x0000000757943b70,0x0000000757980000)
 Metaspace       used 89758K, committed 91648K, reserved 1179648K
  class space    used 9391K, committed 10240K, reserved 1048576K
}
Event: 2508.676 GC heap after
{Heap after GC invocations=1146 (full 4):
 PSYoungGen      total 4608K, used 1904K [0x00000007aab00000, 0x00000007ab280000, 0x0000000800000000)
  eden space 2560K, 0% used [0x00000007aab00000,0x00000007aab00000,0x00000007aad80000)
  from space 2048K, 92% used [0x00000007ab080000,0x00000007ab25c000,0x00000007ab280000)
  to   space 2560K, 0% used [0x00000007aad80000,0x00000007aad80000,0x00000007ab000000)
 ParOldGen       total 1436672K, used 1436422K [0x0000000700000000, 0x0000000757b00000, 0x00000007aab00000)
  object space 1436672K, 99% used [0x0000000700000000,0x0000000757ac1b70,0x0000000757b00000)
 Metaspace       used 89758K, committed 91648K, reserved 1179648K
  class space    used 9391K, committed 10240K, reserved 1048576K
}
Event: 2508.718 GC heap before
{Heap before GC invocations=1147 (full 4):
 PSYoungGen      total 4608K, used 4464K [0x00000007aab00000, 0x00000007ab280000, 0x0000000800000000)
  eden space 2560K, 100% used [0x00000007aab00000,0x00000007aad80000,0x00000007aad80000)
  from space 2048K, 92% used [0x00000007ab080000,0x00000007ab25c000,0x00000007ab280000)
  to   space 2560K, 0% used [0x00000007aad80000,0x00000007aad80000,0x00000007ab000000)
 ParOldGen       total 1436672K, used 1436422K [0x0000000700000000, 0x0000000757b00000, 0x00000007aab00000)
  object space 1436672K, 99% used [0x0000000700000000,0x0000000757ac1b70,0x0000000757b00000)
 Metaspace       used 89758K, committed 91648K, reserved 1179648K
  class space    used 9391K, committed 10240K, reserved 1048576K
}
Event: 2508.722 GC heap after
{Heap after GC invocations=1147 (full 4):
 PSYoungGen      total 5120K, used 1876K [0x00000007aab00000, 0x00000007ab200000, 0x0000000800000000)
  eden space 2560K, 0% used [0x00000007aab00000,0x00000007aab00000,0x00000007aad80000)
  from space 2560K, 73% used [0x00000007aad80000,0x00000007aaf55200,0x00000007ab000000)
  to   space 2048K, 0% used [0x00000007ab000000,0x00000007ab000000,0x00000007ab200000)
 ParOldGen       total 1438208K, used 1437814K [0x0000000700000000, 0x0000000757c80000, 0x00000007aab00000)
  object space 1438208K, 99% used [0x0000000700000000,0x0000000757c1db70,0x0000000757c80000)
 Metaspace       used 89758K, committed 91648K, reserved 1179648K
  class space    used 9391K, committed 10240K, reserved 1048576K
}
Event: 2508.738 GC heap before
{Heap before GC invocations=1148 (full 4):
 PSYoungGen      total 5120K, used 4436K [0x00000007aab00000, 0x00000007ab200000, 0x0000000800000000)
  eden space 2560K, 99% used [0x00000007aab00000,0x00000007aad7ffb8,0x00000007aad80000)
  from space 2560K, 73% used [0x00000007aad80000,0x00000007aaf55200,0x00000007ab000000)
  to   space 2048K, 0% used [0x00000007ab000000,0x00000007ab000000,0x00000007ab200000)
 ParOldGen       total 1438208K, used 1437814K [0x0000000700000000, 0x0000000757c80000, 0x00000007aab00000)
  object space 1438208K, 99% used [0x0000000700000000,0x0000000757c1db70,0x0000000757c80000)
 Metaspace       used 89758K, committed 91648K, reserved 1179648K
  class space    used 9391K, committed 10240K, reserved 1048576K
}
Event: 2508.744 GC heap after
{Heap after GC invocations=1148 (full 4):
 PSYoungGen      total 3584K, used 256K [0x00000007aab00000, 0x00000007ab080000, 0x0000000800000000)
  eden space 3072K, 0% used [0x00000007aab00000,0x00000007aab00000,0x00000007aae00000)
  from space 512K, 50% used [0x00000007ab000000,0x00000007ab040000,0x00000007ab080000)
  to   space 1024K, 0% used [0x00000007aae80000,0x00000007aae80000,0x00000007aaf80000)
 ParOldGen       total 1439744K, used 1439419K [0x0000000700000000, 0x0000000757e00000, 0x00000007aab00000)
  object space 1439744K, 99% used [0x0000000700000000,0x0000000757daed70,0x0000000757e00000)
 Metaspace       used 89758K, committed 91648K, reserved 1179648K
  class space    used 9391K, committed 10240K, reserved 1048576K
}
Event: 2509.567 GC heap before
{Heap before GC invocations=1149 (full 4):
 PSYoungGen      total 3584K, used 3317K [0x00000007aab00000, 0x00000007ab080000, 0x0000000800000000)
  eden space 3072K, 99% used [0x00000007aab00000,0x00000007aadfd448,0x00000007aae00000)
  from space 512K, 50% used [0x00000007ab000000,0x00000007ab040000,0x00000007ab080000)
  to   space 1024K, 0% used [0x00000007aae80000,0x00000007aae80000,0x00000007aaf80000)
 ParOldGen       total 1439744K, used 1439419K [0x0000000700000000, 0x0000000757e00000, 0x00000007aab00000)
  object space 1439744K, 99% used [0x0000000700000000,0x0000000757daed70,0x0000000757e00000)
 Metaspace       used 89775K, committed 91648K, reserved 1179648K
  class space    used 9394K, committed 10240K, reserved 1048576K
}
Event: 2509.569 GC heap after
{Heap after GC invocations=1149 (full 4):
 PSYoungGen      total 4608K, used 240K [0x00000007aab00000, 0x00000007ab080000, 0x0000000800000000)
  eden space 3584K, 0% used [0x00000007aab00000,0x00000007aab00000,0x00000007aae80000)
  from space 1024K, 23% used [0x00000007aae80000,0x00000007aaebc010,0x00000007aaf80000)
  to   space 512K, 0% used [0x00000007ab000000,0x00000007ab000000,0x00000007ab080000)
 ParOldGen       total 1439744K, used 1439451K [0x0000000700000000, 0x0000000757e00000, 0x00000007aab00000)
  object space 1439744K, 99% used [0x0000000700000000,0x0000000757db6d70,0x0000000757e00000)
 Metaspace       used 89775K, committed 91648K, reserved 1179648K
  class space    used 9394K, committed 10240K, reserved 1048576K
}
Event: 2509.652 GC heap before
{Heap before GC invocations=1150 (full 4):
 PSYoungGen      total 4608K, used 3824K [0x00000007aab00000, 0x00000007ab080000, 0x0000000800000000)
  eden space 3584K, 100% used [0x00000007aab00000,0x00000007aae80000,0x00000007aae80000)
  from space 1024K, 23% used [0x00000007aae80000,0x00000007aaebc010,0x00000007aaf80000)
  to   space 512K, 0% used [0x00000007ab000000,0x00000007ab000000,0x00000007ab080000)
 ParOldGen       total 1471488K, used 1470171K [0x0000000700000000, 0x0000000759d00000, 0x00000007aab00000)
  object space 1471488K, 99% used [0x0000000700000000,0x0000000759bb6da0,0x0000000759d00000)
 Metaspace       used 89797K, committed 91712K, reserved 1179648K
  class space    used 9397K, committed 10240K, reserved 1048576K
}
Event: 2509.654 GC heap after
{Heap after GC invocations=1150 (full 4):
 PSYoungGen      total 4096K, used 320K [0x00000007aab00000, 0x00000007ab080000, 0x0000000800000000)
  eden space 3584K, 0% used [0x00000007aab00000,0x00000007aab00000,0x00000007aae80000)
  from space 512K, 62% used [0x00000007ab000000,0x00000007ab050000,0x00000007ab080000)
  to   space 512K, 0% used [0x00000007aaf80000,0x00000007aaf80000,0x00000007ab000000)
 ParOldGen       total 1471488K, used 1470267K [0x0000000700000000, 0x0000000759d00000, 0x00000007aab00000)
  object space 1471488K, 99% used [0x0000000700000000,0x0000000759bceda0,0x0000000759d00000)
 Metaspace       used 89797K, committed 91712K, reserved 1179648K
  class space    used 9397K, committed 10240K, reserved 1048576K
}

