# JRE version: OpenJDK Runtime Environment Temurin-21.0.11+10 (21.0.11+10) (build 21.0.11+10-LTS)
# Java VM: OpenJDK 64-Bit Server VM Temurin-21.0.11+10 (21.0.11+10-LTS, mixed mode, sharing, tiered, compressed oops, compressed class ptrs, parallel gc, windows-amd64)
GC Precious Log:
 CardTable entry size: 512
 CPUs: 12 total, 12 available
 Memory: 15178M
 Large Page Support: Disabled
 NUMA Support: Disabled
 Compressed Oops: Enabled (32-bit)
 Alignments: Space 512K, Generation 512K, Heap 2M
 Heap Min Capacity: 100M
 Heap Initial Capacity: 100M
 Heap Max Capacity: 2G
 Pre-touch: Disabled
 Parallel Workers: 10
Heap:
 PSYoungGen      total 15872K, used 13627K [0x00000000d5580000, 0x00000000d6880000, 0x0000000100000000)
  eden space 14336K, 85% used [0x00000000d5580000,0x00000000d617ef58,0x00000000d6380000)
  from space 1536K, 87% used [0x00000000d6700000,0x00000000d6850000,0x00000000d6880000)
  to   space 2560K, 0% used [0x00000000d6380000,0x00000000d6380000,0x00000000d6600000)
 ParOldGen       total 1359872K, used 1359485K [0x0000000080000000, 0x00000000d3000000, 0x00000000d5580000)
  object space 1359872K, 99% used [0x0000000080000000,0x00000000d2f9f758,0x00000000d3000000)
 Metaspace       used 95102K, committed 97088K, reserved 1179648K
  class space    used 9489K, committed 10432K, reserved 1048576K
GC Heap History (20 events):
Event: 1119.840 GC heap before
{Heap before GC invocations=4955 (full 14):
 PSYoungGen      total 4096K, used 4085K [0x00000000d5580000, 0x00000000d5d80000, 0x0000000100000000)
  eden space 3072K, 99% used [0x00000000d5580000,0x00000000d587fff0,0x00000000d5880000)
  from space 1024K, 99% used [0x00000000d5a80000,0x00000000d5b7d7e0,0x00000000d5b80000)
  to   space 2048K, 0% used [0x00000000d5880000,0x00000000d5880000,0x00000000d5a80000)
 ParOldGen       total 1298432K, used 1298297K [0x0000000080000000, 0x00000000cf400000, 0x00000000d5580000)
  object space 1298432K, 99% used [0x0000000080000000,0x00000000cf3de498,0x00000000cf400000)
 Metaspace       used 95094K, committed 97088K, reserved 1179648K
  class space    used 9489K, committed 10432K, reserved 1048576K
}
Event: 1119.844 GC heap after
{Heap after GC invocations=4955 (full 14):
 PSYoungGen      total 5120K, used 2037K [0x00000000d5580000, 0x00000000d6180000, 0x0000000100000000)
  eden space 3072K, 0% used [0x00000000d5580000,0x00000000d5580000,0x00000000d5880000)
  from space 2048K, 99% used [0x00000000d5880000,0x00000000d5a7d7e0,0x00000000d5a80000)
  to   space 4608K, 0% used [0x00000000d5d00000,0x00000000d5d00000,0x00000000d6180000)
 ParOldGen       total 1300480K, used 1300143K [0x0000000080000000, 0x00000000cf600000, 0x00000000d5580000)
  object space 1300480K, 99% used [0x0000000080000000,0x00000000cf5abc88,0x00000000cf600000)
 Metaspace       used 95094K, committed 97088K, reserved 1179648K
  class space    used 9489K, committed 10432K, reserved 1048576K
}
Event: 1119.852 GC heap before
{Heap before GC invocations=4956 (full 14):
 PSYoungGen      total 5120K, used 5109K [0x00000000d5580000, 0x00000000d6180000, 0x0000000100000000)
  eden space 3072K, 100% used [0x00000000d5580000,0x00000000d5880000,0x00000000d5880000)
  from space 2048K, 99% used [0x00000000d5880000,0x00000000d5a7d7e0,0x00000000d5a80000)
  to   space 4608K, 0% used [0x00000000d5d00000,0x00000000d5d00000,0x00000000d6180000)
 ParOldGen       total 1300480K, used 1300143K [0x0000000080000000, 0x00000000cf600000, 0x00000000d5580000)
  object space 1300480K, 99% used [0x0000000080000000,0x00000000cf5abc88,0x00000000cf600000)
 Metaspace       used 95094K, committed 97088K, reserved 1179648K
  class space    used 9489K, committed 10432K, reserved 1048576K
}
Event: 1119.857 GC heap after
{Heap after GC invocations=4956 (full 14):
 PSYoungGen      total 7680K, used 3200K [0x00000000d5580000, 0x00000000d6080000, 0x0000000100000000)
  eden space 4096K, 0% used [0x00000000d5580000,0x00000000d5580000,0x00000000d5980000)
  from space 3584K, 89% used [0x00000000d5d00000,0x00000000d6020000,0x00000000d6080000)
  to   space 3584K, 0% used [0x00000000d5980000,0x00000000d5980000,0x00000000d5d00000)
 ParOldGen       total 1302528K, used 1302229K [0x0000000080000000, 0x00000000cf800000, 0x00000000d5580000)
  object space 1302528K, 99% used [0x0000000080000000,0x00000000cf7b5468,0x00000000cf800000)
 Metaspace       used 95094K, committed 97088K, reserved 1179648K
  class space    used 9489K, committed 10432K, reserved 1048576K
}
Event: 1119.867 GC heap before
{Heap before GC invocations=4957 (full 14):
 PSYoungGen      total 7680K, used 7296K [0x00000000d5580000, 0x00000000d6080000, 0x0000000100000000)
  eden space 4096K, 100% used [0x00000000d5580000,0x00000000d5980000,0x00000000d5980000)
  from space 3584K, 89% used [0x00000000d5d00000,0x00000000d6020000,0x00000000d6080000)
  to   space 3584K, 0% used [0x00000000d5980000,0x00000000d5980000,0x00000000d5d00000)
 ParOldGen       total 1302528K, used 1302229K [0x0000000080000000, 0x00000000cf800000, 0x00000000d5580000)
  object space 1302528K, 99% used [0x0000000080000000,0x00000000cf7b5468,0x00000000cf800000)
 Metaspace       used 95094K, committed 97088K, reserved 1179648K
  class space    used 9489K, committed 10432K, reserved 1048576K
}
Event: 1119.918 GC heap after
{Heap after GC invocations=4957 (full 14):
 PSYoungGen      total 7680K, used 3584K [0x00000000d5580000, 0x00000000d6a80000, 0x0000000100000000)
  eden space 4096K, 0% used [0x00000000d5580000,0x00000000d5580000,0x00000000d5980000)
  from space 3584K, 100% used [0x00000000d5980000,0x00000000d5d00000,0x00000000d5d00000)
  to   space 8192K, 0% used [0x00000000d6280000,0x00000000d6280000,0x00000000d6a80000)
 ParOldGen       total 1306112K, used 1305773K [0x0000000080000000, 0x00000000cfb80000, 0x00000000d5580000)
  object space 1306112K, 99% used [0x0000000080000000,0x00000000cfb2b468,0x00000000cfb80000)
 Metaspace       used 95094K, committed 97088K, reserved 1179648K
  class space    used 9489K, committed 10432K, reserved 1048576K
}
Event: 1119.957 GC heap before
{Heap before GC invocations=4958 (full 14):
 PSYoungGen      total 7680K, used 7680K [0x00000000d5580000, 0x00000000d6a80000, 0x0000000100000000)
  eden space 4096K, 100% used [0x00000000d5580000,0x00000000d5980000,0x00000000d5980000)
  from space 3584K, 100% used [0x00000000d5980000,0x00000000d5d00000,0x00000000d5d00000)
  to   space 8192K, 0% used [0x00000000d6280000,0x00000000d6280000,0x00000000d6a80000)
 ParOldGen       total 1306112K, used 1305773K [0x0000000080000000, 0x00000000cfb80000, 0x00000000d5580000)
  object space 1306112K, 99% used [0x0000000080000000,0x00000000cfb2b468,0x00000000cfb80000)
 Metaspace       used 95094K, committed 97088K, reserved 1179648K
  class space    used 9489K, committed 10432K, reserved 1048576K
}
Event: 1119.969 GC heap after
{Heap after GC invocations=4958 (full 14):
 PSYoungGen      total 8704K, used 3152K [0x00000000d5580000, 0x00000000d6600000, 0x0000000100000000)
  eden space 5120K, 0% used [0x00000000d5580000,0x00000000d5580000,0x00000000d5a80000)
  from space 3584K, 87% used [0x00000000d6280000,0x00000000d6594000,0x00000000d6600000)
  to   space 4608K, 0% used [0x00000000d5d00000,0x00000000d5d00000,0x00000000d6180000)
 ParOldGen       total 1309696K, used 1309413K [0x0000000080000000, 0x00000000cff00000, 0x00000000d5580000)
  object space 1309696K, 99% used [0x0000000080000000,0x00000000cfeb9468,0x00000000cff00000)
 Metaspace       used 95094K, committed 97088K, reserved 1179648K
  class space    used 9489K, committed 10432K, reserved 1048576K
}
Event: 1120.004 GC heap before
{Heap before GC invocations=4959 (full 14):
 PSYoungGen      total 8704K, used 8236K [0x00000000d5580000, 0x00000000d6600000, 0x0000000100000000)
  eden space 5120K, 99% used [0x00000000d5580000,0x00000000d5a771a0,0x00000000d5a80000)
  from space 3584K, 87% used [0x00000000d6280000,0x00000000d6594000,0x00000000d6600000)
  to   space 4608K, 0% used [0x00000000d5d00000,0x00000000d5d00000,0x00000000d6180000)
 ParOldGen       total 1309696K, used 1309413K [0x0000000080000000, 0x00000000cff00000, 0x00000000d5580000)
  object space 1309696K, 99% used [0x0000000080000000,0x00000000cfeb9468,0x00000000cff00000)
 Metaspace       used 95094K, committed 97088K, reserved 1179648K
  class space    used 9489K, committed 10432K, reserved 1048576K
}
Event: 1120.016 GC heap after
{Heap after GC invocations=4959 (full 14):
 PSYoungGen      total 10240K, used 3693K [0x00000000d5580000, 0x00000000d6380000, 0x0000000100000000)
  eden space 6144K, 0% used [0x00000000d5580000,0x00000000d5580000,0x00000000d5b80000)
  from space 4096K, 90% used [0x00000000d5d00000,0x00000000d609b730,0x00000000d6100000)
  to   space 2560K, 0% used [0x00000000d6100000,0x00000000d6100000,0x00000000d6380000)
 ParOldGen       total 1312256K, used 1312093K [0x0000000080000000, 0x00000000d0180000, 0x00000000d5580000)
  object space 1312256K, 99% used [0x0000000080000000,0x00000000d0157468,0x00000000d0180000)
 Metaspace       used 95094K, committed 97088K, reserved 1179648K
  class space    used 9489K, committed 10432K, reserved 1048576K
}
Event: 1120.197 GC heap before
{Heap before GC invocations=4960 (full 14):
 PSYoungGen      total 10240K, used 9738K [0x00000000d5580000, 0x00000000d6380000, 0x0000000100000000)
  eden space 6144K, 98% used [0x00000000d5580000,0x00000000d5b67298,0x00000000d5b80000)
  from space 4096K, 90% used [0x00000000d5d00000,0x00000000d609b730,0x00000000d6100000)
  to   space 2560K, 0% used [0x00000000d6100000,0x00000000d6100000,0x00000000d6380000)
 ParOldGen       total 1344000K, used 1342813K [0x0000000080000000, 0x00000000d2080000, 0x00000000d5580000)
  object space 1344000K, 99% used [0x0000000080000000,0x00000000d1f57498,0x00000000d2080000)
 Metaspace       used 95102K, committed 97088K, reserved 1179648K
  class space    used 9489K, committed 10432K, reserved 1048576K
}
Event: 1120.210 GC heap after
{Heap after GC invocations=4960 (full 14):
 PSYoungGen      total 8704K, used 928K [0x00000000d5580000, 0x00000000d6200000, 0x0000000100000000)
  eden space 7680K, 0% used [0x00000000d5580000,0x00000000d5580000,0x00000000d5d00000)
  from space 1024K, 90% used [0x00000000d6100000,0x00000000d61e8000,0x00000000d6200000)
  to   space 2048K, 0% used [0x00000000d5e00000,0x00000000d5e00000,0x00000000d6000000)
 ParOldGen       total 1345536K, used 1345053K [0x0000000080000000, 0x00000000d2200000, 0x00000000d5580000)
  object space 1345536K, 99% used [0x0000000080000000,0x00000000d2187498,0x00000000d2200000)
 Metaspace       used 95102K, committed 97088K, reserved 1179648K
  class space    used 9489K, committed 10432K, reserved 1048576K
}
Event: 1120.236 GC heap before
{Heap before GC invocations=4961 (full 14):
 PSYoungGen      total 8704K, used 8608K [0x00000000d5580000, 0x00000000d6200000, 0x0000000100000000)
  eden space 7680K, 100% used [0x00000000d5580000,0x00000000d5d00000,0x00000000d5d00000)
  from space 1024K, 90% used [0x00000000d6100000,0x00000000d61e8000,0x00000000d6200000)
  to   space 2048K, 0% used [0x00000000d5e00000,0x00000000d5e00000,0x00000000d6000000)
 ParOldGen       total 1345536K, used 1345053K [0x0000000080000000, 0x00000000d2200000, 0x00000000d5580000)
  object space 1345536K, 99% used [0x0000000080000000,0x00000000d2187498,0x00000000d2200000)
 Metaspace       used 95102K, committed 97088K, reserved 1179648K
  class space    used 9489K, committed 10432K, reserved 1048576K
}
Event: 1120.253 GC heap after
{Heap after GC invocations=4961 (full 14):
 PSYoungGen      total 10752K, used 2047K [0x00000000d5580000, 0x00000000d7080000, 0x0000000100000000)
  eden space 8704K, 0% used [0x00000000d5580000,0x00000000d5580000,0x00000000d5e00000)
  from space 2048K, 99% used [0x00000000d5e00000,0x00000000d5ffffc0,0x00000000d6000000)
  to   space 9216K, 0% used [0x00000000d6780000,0x00000000d6780000,0x00000000d7080000)
 ParOldGen       total 1351168K, used 1350749K [0x0000000080000000, 0x00000000d2780000, 0x00000000d5580000)
  object space 1351168K, 99% used [0x0000000080000000,0x00000000d2717478,0x00000000d2780000)
 Metaspace       used 95102K, committed 97088K, reserved 1179648K
  class space    used 9489K, committed 10432K, reserved 1048576K
}
Event: 1123.194 GC heap before
{Heap before GC invocations=4962 (full 14):
 PSYoungGen      total 10752K, used 10751K [0x00000000d5580000, 0x00000000d7080000, 0x0000000100000000)
  eden space 8704K, 100% used [0x00000000d5580000,0x00000000d5e00000,0x00000000d5e00000)
  from space 2048K, 99% used [0x00000000d5e00000,0x00000000d5ffffc0,0x00000000d6000000)
  to   space 9216K, 0% used [0x00000000d6780000,0x00000000d6780000,0x00000000d7080000)
 ParOldGen       total 1351168K, used 1350749K [0x0000000080000000, 0x00000000d2780000, 0x00000000d5580000)
  object space 1351168K, 99% used [0x0000000080000000,0x00000000d2717478,0x00000000d2780000)
 Metaspace       used 95102K, committed 97088K, reserved 1179648K
  class space    used 9489K, committed 10432K, reserved 1048576K
}
Event: 1123.199 GC heap after
{Heap after GC invocations=4962 (full 14):
 PSYoungGen      total 15360K, used 4160K [0x00000000d5580000, 0x00000000d6c00000, 0x0000000100000000)
  eden space 10752K, 0% used [0x00000000d5580000,0x00000000d5580000,0x00000000d6000000)
  from space 4608K, 90% used [0x00000000d6780000,0x00000000d6b90310,0x00000000d6c00000)
  to   space 5632K, 0% used [0x00000000d6100000,0x00000000d6100000,0x00000000d6680000)
 ParOldGen       total 1353216K, used 1352853K [0x0000000080000000, 0x00000000d2980000, 0x00000000d5580000)
  object space 1353216K, 99% used [0x0000000080000000,0x00000000d2925438,0x00000000d2980000)
 Metaspace       used 95102K, committed 97088K, reserved 1179648K
  class space    used 9489K, committed 10432K, reserved 1048576K
}
Event: 1123.264 GC heap before
{Heap before GC invocations=4963 (full 14):
 PSYoungGen      total 15360K, used 14912K [0x00000000d5580000, 0x00000000d6c00000, 0x0000000100000000)
  eden space 10752K, 100% used [0x00000000d5580000,0x00000000d6000000,0x00000000d6000000)
  from space 4608K, 90% used [0x00000000d6780000,0x00000000d6b90310,0x00000000d6c00000)
  to   space 5632K, 0% used [0x00000000d6100000,0x00000000d6100000,0x00000000d6680000)
 ParOldGen       total 1353216K, used 1352853K [0x0000000080000000, 0x00000000d2980000, 0x00000000d5580000)
  object space 1353216K, 99% used [0x0000000080000000,0x00000000d2925438,0x00000000d2980000)
 Metaspace       used 95102K, committed 97088K, reserved 1179648K
  class space    used 9489K, committed 10432K, reserved 1048576K
}
Event: 1123.312 GC heap after
{Heap after GC invocations=4963 (full 14):
 PSYoungGen      total 17408K, used 4228K [0x00000000d5580000, 0x00000000d6b80000, 0x0000000100000000)
  eden space 11776K, 0% used [0x00000000d5580000,0x00000000d5580000,0x00000000d6100000)
  from space 5632K, 75% used [0x00000000d6100000,0x00000000d6521000,0x00000000d6680000)
  to   space 4608K, 0% used [0x00000000d6700000,0x00000000d6700000,0x00000000d6b80000)
 ParOldGen       total 1356800K, used 1356517K [0x0000000080000000, 0x00000000d2d00000, 0x00000000d5580000)
  object space 1356800K, 99% used [0x0000000080000000,0x00000000d2cb9758,0x00000000d2d00000)
 Metaspace       used 95102K, committed 97088K, reserved 1179648K
  class space    used 9489K, committed 10432K, reserved 1048576K
}
Event: 1123.361 GC heap before
{Heap before GC invocations=4964 (full 14):
 PSYoungGen      total 17408K, used 16004K [0x00000000d5580000, 0x00000000d6b80000, 0x0000000100000000)
  eden space 11776K, 100% used [0x00000000d5580000,0x00000000d6100000,0x00000000d6100000)
  from space 5632K, 75% used [0x00000000d6100000,0x00000000d6521000,0x00000000d6680000)
  to   space 4608K, 0% used [0x00000000d6700000,0x00000000d6700000,0x00000000d6b80000)
 ParOldGen       total 1356800K, used 1356517K [0x0000000080000000, 0x00000000d2d00000, 0x00000000d5580000)
  object space 1356800K, 99% used [0x0000000080000000,0x00000000d2cb9758,0x00000000d2d00000)
 Metaspace       used 95102K, committed 97088K, reserved 1179648K
  class space    used 9489K, committed 10432K, reserved 1048576K
}
Event: 1123.367 GC heap after
{Heap after GC invocations=4964 (full 14):
 PSYoungGen      total 15872K, used 1344K [0x00000000d5580000, 0x00000000d6880000, 0x0000000100000000)
  eden space 14336K, 0% used [0x00000000d5580000,0x00000000d5580000,0x00000000d6380000)
  from space 1536K, 87% used [0x00000000d6700000,0x00000000d6850000,0x00000000d6880000)
  to   space 2560K, 0% used [0x00000000d6380000,0x00000000d6380000,0x00000000d6600000)
 ParOldGen       total 1359872K, used 1359485K [0x0000000080000000, 0x00000000d3000000, 0x00000000d5580000)
  object space 1359872K, 99% used [0x0000000080000000,0x00000000d2f9f758,0x00000000d3000000)
 Metaspace       used 95102K, committed 97088K, reserved 1179648K
  class space    used 9489K, committed 10432K, reserved 1048576K
}

