# JRE version: OpenJDK Runtime Environment Temurin-21.0.11+10 (21.0.11+10) (build 21.0.11+10-LTS)
# Java VM: OpenJDK 64-Bit Server VM Temurin-21.0.11+10 (21.0.11+10-LTS, mixed mode, sharing, tiered, compressed oops, compressed class ptrs, parallel gc, windows-amd64)
GC Precious Log:
 CardTable entry size: 512
 CPUs: 12 total, 12 available
 Memory: 15178M
 Large Page Support: Disabled
 NUMA Support: Disabled
 Compressed Oops: Enabled (Zero based)
 Alignments: Space 512K, Generation 512K, Heap 2M
 Heap Min Capacity: 100M
 Heap Initial Capacity: 100M
 Heap Max Capacity: 4G
 Pre-touch: Disabled
 Parallel Workers: 10
Heap:
 PSYoungGen      total 6144K, used 998K [0x00000007aab00000, 0x00000007ab380000, 0x0000000800000000)
  eden space 5120K, 0% used [0x00000007aab00000,0x00000007aab00000,0x00000007ab000000)
  from space 1024K, 97% used [0x00000007ab180000,0x00000007ab279bb0,0x00000007ab280000)
  to   space 1024K, 0% used [0x00000007ab280000,0x00000007ab280000,0x00000007ab380000)
 ParOldGen       total 2383360K, used 2382883K [0x0000000700000000, 0x0000000791780000, 0x00000007aab00000)
  object space 2383360K, 99% used [0x0000000700000000,0x0000000791708f78,0x0000000791780000)
 Metaspace       used 97938K, committed 99968K, reserved 1179648K
  class space    used 9841K, committed 10816K, reserved 1048576K
GC Heap History (20 events):
Event: 2483.695 GC heap after
{Heap after GC invocations=5205 (full 10):
 PSYoungGen      total 5120K, used 2208K [0x00000007aab00000, 0x00000007ab280000, 0x0000000800000000)
  eden space 2560K, 0% used [0x00000007aab00000,0x00000007aab00000,0x00000007aad80000)
  from space 2560K, 86% used [0x00000007ab000000,0x00000007ab228000,0x00000007ab280000)
  to   space 2560K, 0% used [0x00000007aad80000,0x00000007aad80000,0x00000007ab000000)
 ParOldGen       total 2339328K, used 2339043K [0x0000000700000000, 0x000000078ec80000, 0x00000007aab00000)
  object space 2339328K, 99% used [0x0000000700000000,0x000000078ec38f00,0x000000078ec80000)
 Metaspace       used 97935K, committed 99968K, reserved 1179648K
  class space    used 9841K, committed 10816K, reserved 1048576K
}
Event: 2483.710 GC heap before
{Heap before GC invocations=5206 (full 10):
 PSYoungGen      total 5120K, used 4768K [0x00000007aab00000, 0x00000007ab280000, 0x0000000800000000)
  eden space 2560K, 100% used [0x00000007aab00000,0x00000007aad80000,0x00000007aad80000)
  from space 2560K, 86% used [0x00000007ab000000,0x00000007ab228000,0x00000007ab280000)
  to   space 2560K, 0% used [0x00000007aad80000,0x00000007aad80000,0x00000007ab000000)
 ParOldGen       total 2339328K, used 2339043K [0x0000000700000000, 0x000000078ec80000, 0x00000007aab00000)
  object space 2339328K, 99% used [0x0000000700000000,0x000000078ec38f00,0x000000078ec80000)
 Metaspace       used 97935K, committed 99968K, reserved 1179648K
  class space    used 9841K, committed 10816K, reserved 1048576K
}
Event: 2483.715 GC heap after
{Heap after GC invocations=5206 (full 10):
 PSYoungGen      total 5120K, used 1984K [0x00000007aab00000, 0x00000007ab300000, 0x0000000800000000)
  eden space 2560K, 0% used [0x00000007aab00000,0x00000007aab00000,0x00000007aad80000)
  from space 2560K, 77% used [0x00000007aad80000,0x00000007aaf70000,0x00000007ab000000)
  to   space 2560K, 0% used [0x00000007ab080000,0x00000007ab080000,0x00000007ab300000)
 ParOldGen       total 2341376K, used 2341099K [0x0000000700000000, 0x000000078ee80000, 0x00000007aab00000)
  object space 2341376K, 99% used [0x0000000700000000,0x000000078ee3af00,0x000000078ee80000)
 Metaspace       used 97935K, committed 99968K, reserved 1179648K
  class space    used 9841K, committed 10816K, reserved 1048576K
}
Event: 2483.767 GC heap before
{Heap before GC invocations=5207 (full 10):
 PSYoungGen      total 5120K, used 4529K [0x00000007aab00000, 0x00000007ab300000, 0x0000000800000000)
  eden space 2560K, 99% used [0x00000007aab00000,0x00000007aad7c508,0x00000007aad80000)
  from space 2560K, 77% used [0x00000007aad80000,0x00000007aaf70000,0x00000007ab000000)
  to   space 2560K, 0% used [0x00000007ab080000,0x00000007ab080000,0x00000007ab300000)
 ParOldGen       total 2341376K, used 2341099K [0x0000000700000000, 0x000000078ee80000, 0x00000007aab00000)
  object space 2341376K, 99% used [0x0000000700000000,0x000000078ee3af00,0x000000078ee80000)
 Metaspace       used 97935K, committed 99968K, reserved 1179648K
  class space    used 9841K, committed 10816K, reserved 1048576K
}
Event: 2483.771 GC heap after
{Heap after GC invocations=5207 (full 10):
 PSYoungGen      total 4608K, used 1241K [0x00000007aab00000, 0x00000007ab200000, 0x0000000800000000)
  eden space 3072K, 0% used [0x00000007aab00000,0x00000007aab00000,0x00000007aae00000)
  from space 1536K, 80% used [0x00000007ab080000,0x00000007ab1b64b8,0x00000007ab200000)
  to   space 1536K, 0% used [0x00000007aaf00000,0x00000007aaf00000,0x00000007ab080000)
 ParOldGen       total 2343424K, used 2342947K [0x0000000700000000, 0x000000078f080000, 0x00000007aab00000)
  object space 2343424K, 99% used [0x0000000700000000,0x000000078f008f00,0x000000078f080000)
 Metaspace       used 97935K, committed 99968K, reserved 1179648K
  class space    used 9841K, committed 10816K, reserved 1048576K
}
Event: 2483.807 GC heap before
{Heap before GC invocations=5208 (full 10):
 PSYoungGen      total 4608K, used 4313K [0x00000007aab00000, 0x00000007ab200000, 0x0000000800000000)
  eden space 3072K, 100% used [0x00000007aab00000,0x00000007aae00000,0x00000007aae00000)
  from space 1536K, 80% used [0x00000007ab080000,0x00000007ab1b64b8,0x00000007ab200000)
  to   space 1536K, 0% used [0x00000007aaf00000,0x00000007aaf00000,0x00000007ab080000)
 ParOldGen       total 2343424K, used 2342947K [0x0000000700000000, 0x000000078f080000, 0x00000007aab00000)
  object space 2343424K, 99% used [0x0000000700000000,0x000000078f008f00,0x000000078f080000)
 Metaspace       used 97935K, committed 99968K, reserved 1179648K
  class space    used 9841K, committed 10816K, reserved 1048576K
}
Event: 2483.810 GC heap after
{Heap after GC invocations=5208 (full 10):
 PSYoungGen      total 5632K, used 1525K [0x00000007aab00000, 0x00000007ab800000, 0x0000000800000000)
  eden space 4096K, 0% used [0x00000007aab00000,0x00000007aab00000,0x00000007aaf00000)
  from space 1536K, 99% used [0x00000007aaf00000,0x00000007ab07d408,0x00000007ab080000)
  to   space 4608K, 0% used [0x00000007ab380000,0x00000007ab380000,0x00000007ab800000)
 ParOldGen       total 2345472K, used 2345463K [0x0000000700000000, 0x000000078f280000, 0x00000007aab00000)
  object space 2345472K, 99% used [0x0000000700000000,0x000000078f27dd68,0x000000078f280000)
 Metaspace       used 97935K, committed 99968K, reserved 1179648K
  class space    used 9841K, committed 10816K, reserved 1048576K
}
Event: 2483.830 GC heap before
{Heap before GC invocations=5209 (full 10):
 PSYoungGen      total 5632K, used 5621K [0x00000007aab00000, 0x00000007ab800000, 0x0000000800000000)
  eden space 4096K, 100% used [0x00000007aab00000,0x00000007aaf00000,0x00000007aaf00000)
  from space 1536K, 99% used [0x00000007aaf00000,0x00000007ab07d408,0x00000007ab080000)
  to   space 4608K, 0% used [0x00000007ab380000,0x00000007ab380000,0x00000007ab800000)
 ParOldGen       total 2345472K, used 2345463K [0x0000000700000000, 0x000000078f280000, 0x00000007aab00000)
  object space 2345472K, 99% used [0x0000000700000000,0x000000078f27dd68,0x000000078f280000)
 Metaspace       used 97938K, committed 99968K, reserved 1179648K
  class space    used 9841K, committed 10816K, reserved 1048576K
}
Event: 2483.833 GC heap after
{Heap after GC invocations=5209 (full 10):
 PSYoungGen      total 6144K, used 544K [0x00000007aab00000, 0x00000007ab480000, 0x0000000800000000)
  eden space 5120K, 0% used [0x00000007aab00000,0x00000007aab00000,0x00000007ab000000)
  from space 1024K, 53% used [0x00000007ab380000,0x00000007ab408000,0x00000007ab480000)
  to   space 2048K, 0% used [0x00000007ab080000,0x00000007ab080000,0x00000007ab280000)
 ParOldGen       total 2345984K, used 2345607K [0x0000000700000000, 0x000000078f300000, 0x00000007aab00000)
  object space 2345984K, 99% used [0x0000000700000000,0x000000078f2a1d68,0x000000078f300000)
 Metaspace       used 97938K, committed 99968K, reserved 1179648K
  class space    used 9841K, committed 10816K, reserved 1048576K
}
Event: 2484.382 GC heap before
{Heap before GC invocations=5210 (full 10):
 PSYoungGen      total 6144K, used 5663K [0x00000007aab00000, 0x00000007ab480000, 0x0000000800000000)
  eden space 5120K, 99% used [0x00000007aab00000,0x00000007aaffffe0,0x00000007ab000000)
  from space 1024K, 53% used [0x00000007ab380000,0x00000007ab408000,0x00000007ab480000)
  to   space 2048K, 0% used [0x00000007ab080000,0x00000007ab080000,0x00000007ab280000)
 ParOldGen       total 2377728K, used 2376327K [0x0000000700000000, 0x0000000791200000, 0x00000007aab00000)
  object space 2377728K, 99% used [0x0000000700000000,0x00000007910a1d98,0x0000000791200000)
 Metaspace       used 97938K, committed 99968K, reserved 1179648K
  class space    used 9841K, committed 10816K, reserved 1048576K
}
Event: 2484.386 GC heap after
{Heap after GC invocations=5210 (full 10):
 PSYoungGen      total 7168K, used 276K [0x00000007aab00000, 0x00000007ab400000, 0x0000000800000000)
  eden space 5120K, 0% used [0x00000007aab00000,0x00000007aab00000,0x00000007ab000000)
  from space 2048K, 13% used [0x00000007ab080000,0x00000007ab0c5200,0x00000007ab280000)
  to   space 1024K, 0% used [0x00000007ab300000,0x00000007ab300000,0x00000007ab400000)
 ParOldGen       total 2377728K, used 2376695K [0x0000000700000000, 0x0000000791200000, 0x00000007aab00000)
  object space 2377728K, 99% used [0x0000000700000000,0x00000007910fdd98,0x0000000791200000)
 Metaspace       used 97938K, committed 99968K, reserved 1179648K
  class space    used 9841K, committed 10816K, reserved 1048576K
}
Event: 2484.834 GC heap before
{Heap before GC invocations=5211 (full 10):
 PSYoungGen      total 7168K, used 5396K [0x00000007aab00000, 0x00000007ab400000, 0x0000000800000000)
  eden space 5120K, 100% used [0x00000007aab00000,0x00000007ab000000,0x00000007ab000000)
  from space 2048K, 13% used [0x00000007ab080000,0x00000007ab0c5200,0x00000007ab280000)
  to   space 1024K, 0% used [0x00000007ab300000,0x00000007ab300000,0x00000007ab400000)
 ParOldGen       total 2377728K, used 2376695K [0x0000000700000000, 0x0000000791200000, 0x00000007aab00000)
  object space 2377728K, 99% used [0x0000000700000000,0x00000007910fdd98,0x0000000791200000)
 Metaspace       used 97938K, committed 99968K, reserved 1179648K
  class space    used 9841K, committed 10816K, reserved 1048576K
}
Event: 2484.836 GC heap after
{Heap after GC invocations=5211 (full 10):
 PSYoungGen      total 6144K, used 762K [0x00000007aab00000, 0x00000007ab400000, 0x0000000800000000)
  eden space 5120K, 0% used [0x00000007aab00000,0x00000007aab00000,0x00000007ab000000)
  from space 1024K, 74% used [0x00000007ab300000,0x00000007ab3be900,0x00000007ab400000)
  to   space 1024K, 0% used [0x00000007ab200000,0x00000007ab200000,0x00000007ab300000)
 ParOldGen       total 2377728K, used 2376767K [0x0000000700000000, 0x0000000791200000, 0x00000007aab00000)
  object space 2377728K, 99% used [0x0000000700000000,0x000000079110fd98,0x0000000791200000)
 Metaspace       used 97938K, committed 99968K, reserved 1179648K
  class space    used 9841K, committed 10816K, reserved 1048576K
}
Event: 2484.860 GC heap before
{Heap before GC invocations=5212 (full 10):
 PSYoungGen      total 6144K, used 5882K [0x00000007aab00000, 0x00000007ab400000, 0x0000000800000000)
  eden space 5120K, 100% used [0x00000007aab00000,0x00000007ab000000,0x00000007ab000000)
  from space 1024K, 74% used [0x00000007ab300000,0x00000007ab3be900,0x00000007ab400000)
  to   space 1024K, 0% used [0x00000007ab200000,0x00000007ab200000,0x00000007ab300000)
 ParOldGen       total 2377728K, used 2376767K [0x0000000700000000, 0x0000000791200000, 0x00000007aab00000)
  object space 2377728K, 99% used [0x0000000700000000,0x000000079110fd98,0x0000000791200000)
 Metaspace       used 97938K, committed 99968K, reserved 1179648K
  class space    used 9841K, committed 10816K, reserved 1048576K
}
Event: 2484.864 GC heap after
{Heap after GC invocations=5212 (full 10):
 PSYoungGen      total 6144K, used 772K [0x00000007aab00000, 0x00000007ab380000, 0x0000000800000000)
  eden space 5120K, 0% used [0x00000007aab00000,0x00000007aab00000,0x00000007ab000000)
  from space 1024K, 75% used [0x00000007ab200000,0x00000007ab2c1210,0x00000007ab300000)
  to   space 512K, 0% used [0x00000007ab300000,0x00000007ab300000,0x00000007ab380000)
 ParOldGen       total 2377728K, used 2377347K [0x0000000700000000, 0x0000000791200000, 0x00000007aab00000)
  object space 2377728K, 99% used [0x0000000700000000,0x00000007911a0f98,0x0000000791200000)
 Metaspace       used 97938K, committed 99968K, reserved 1179648K
  class space    used 9841K, committed 10816K, reserved 1048576K
}
Event: 2485.125 GC heap before
{Heap before GC invocations=5213 (full 10):
 PSYoungGen      total 6144K, used 5892K [0x00000007aab00000, 0x00000007ab380000, 0x0000000800000000)
  eden space 5120K, 100% used [0x00000007aab00000,0x00000007ab000000,0x00000007ab000000)
  from space 1024K, 75% used [0x00000007ab200000,0x00000007ab2c1210,0x00000007ab300000)
  to   space 512K, 0% used [0x00000007ab300000,0x00000007ab300000,0x00000007ab380000)
 ParOldGen       total 2377728K, used 2377347K [0x0000000700000000, 0x0000000791200000, 0x00000007aab00000)
  object space 2377728K, 99% used [0x0000000700000000,0x00000007911a0f98,0x0000000791200000)
 Metaspace       used 97938K, committed 99968K, reserved 1179648K
  class space    used 9841K, committed 10816K, reserved 1048576K
}
Event: 2485.128 GC heap after
{Heap after GC invocations=5213 (full 10):
 PSYoungGen      total 5632K, used 372K [0x00000007aab00000, 0x00000007ab380000, 0x0000000800000000)
  eden space 5120K, 0% used [0x00000007aab00000,0x00000007aab00000,0x00000007ab000000)
  from space 512K, 72% used [0x00000007ab300000,0x00000007ab35d200,0x00000007ab380000)
  to   space 1024K, 0% used [0x00000007ab180000,0x00000007ab180000,0x00000007ab280000)
 ParOldGen       total 2378240K, used 2378024K [0x0000000700000000, 0x0000000791280000, 0x00000007aab00000)
  object space 2378240K, 99% used [0x0000000700000000,0x000000079124a1a8,0x0000000791280000)
 Metaspace       used 97938K, committed 99968K, reserved 1179648K
  class space    used 9841K, committed 10816K, reserved 1048576K
}
Event: 2485.535 GC heap before
{Heap before GC invocations=5214 (full 10):
 PSYoungGen      total 5632K, used 5492K [0x00000007aab00000, 0x00000007ab380000, 0x0000000800000000)
  eden space 5120K, 100% used [0x00000007aab00000,0x00000007ab000000,0x00000007ab000000)
  from space 512K, 72% used [0x00000007ab300000,0x00000007ab35d200,0x00000007ab380000)
  to   space 1024K, 0% used [0x00000007ab180000,0x00000007ab180000,0x00000007ab280000)
 ParOldGen       total 2378240K, used 2378024K [0x0000000700000000, 0x0000000791280000, 0x00000007aab00000)
  object space 2378240K, 99% used [0x0000000700000000,0x000000079124a1a8,0x0000000791280000)
 Metaspace       used 97938K, committed 99968K, reserved 1179648K
  class space    used 9841K, committed 10816K, reserved 1048576K
}
Event: 2485.538 GC heap after
{Heap after GC invocations=5214 (full 10):
 PSYoungGen      total 6144K, used 858K [0x00000007aab00000, 0x00000007ab380000, 0x0000000800000000)
  eden space 5120K, 0% used [0x00000007aab00000,0x00000007aab00000,0x00000007ab000000)
  from space 1024K, 83% used [0x00000007ab180000,0x00000007ab256900,0x00000007ab280000)
  to   space 1024K, 0% used [0x00000007ab280000,0x00000007ab280000,0x00000007ab380000)
 ParOldGen       total 2378240K, used 2378220K [0x0000000700000000, 0x0000000791280000, 0x00000007aab00000)
  object space 2378240K, 99% used [0x0000000700000000,0x000000079127b3b8,0x0000000791280000)
 Metaspace       used 97938K, committed 99968K, reserved 1179648K
  class space    used 9841K, committed 10816K, reserved 1048576K
}
Event: 2486.059 GC heap before
{Heap before GC invocations=5215 (full 10):
 PSYoungGen      total 6144K, used 5592K [0x00000007aab00000, 0x00000007ab380000, 0x0000000800000000)
  eden space 5120K, 92% used [0x00000007aab00000,0x00000007aaf9f778,0x00000007ab000000)
  from space 1024K, 83% used [0x00000007ab180000,0x00000007ab256900,0x00000007ab280000)
  to   space 1024K, 0% used [0x00000007ab280000,0x00000007ab280000,0x00000007ab380000)
 ParOldGen       total 2378240K, used 2378220K [0x0000000700000000, 0x0000000791280000, 0x00000007aab00000)
  object space 2378240K, 99% used [0x0000000700000000,0x000000079127b3b8,0x0000000791280000)
 Metaspace       used 97938K, committed 99968K, reserved 1179648K
  class space    used 9841K, committed 10816K, reserved 1048576K
}

