# JRE version: OpenJDK Runtime Environment Temurin-21.0.11+10 (21.0.11+10) (build 21.0.11+10-LTS)
# Java VM: OpenJDK 64-Bit Server VM Temurin-21.0.11+10 (21.0.11+10-LTS, mixed mode, sharing, tiered, compressed oops, compressed class ptrs, parallel gc, windows-amd64)
GC Precious Log:
 CardTable entry size: 512
 CPUs: 12 total, 12 available
 Memory: 15178M
 Large Page Support: Disabled
 NUMA Support: Disabled
 Compressed Oops: Enabled (32-bit)
 Alignments: Space 512K, Generation 512K, Heap 2M
 Heap Min Capacity: 100M
 Heap Initial Capacity: 100M
 Heap Max Capacity: 2G
 Pre-touch: Disabled
 Parallel Workers: 10
Heap:
 PSYoungGen      total 20480K, used 18576K [0x00000000d5580000, 0x00000000d6c00000, 0x0000000100000000)
  eden space 19456K, 90% used [0x00000000d5580000,0x00000000d66a69d8,0x00000000d6880000)
  from space 1024K, 99% used [0x00000000d6b00000,0x00000000d6bfd9b0,0x00000000d6c00000)
  to   space 1536K, 0% used [0x00000000d6900000,0x00000000d6900000,0x00000000d6a80000)
 ParOldGen       total 68608K, used 30944K [0x0000000080000000, 0x0000000084300000, 0x00000000d5580000)
  object space 68608K, 45% used [0x0000000080000000,0x0000000081e38048,0x0000000084300000)
 Metaspace       used 39216K, committed 40256K, reserved 1114112K
  class space    used 3976K, committed 4416K, reserved 1048576K
GC Heap History (20 events):
Event: 14.079 GC heap after
{Heap after GC invocations=10 (full 1):
 PSYoungGen      total 27648K, used 5010K [0x00000000d5580000, 0x00000000d7680000, 0x0000000100000000)
  eden space 22528K, 0% used [0x00000000d5580000,0x00000000d5580000,0x00000000d6b80000)
  from space 5120K, 97% used [0x00000000d6c00000,0x00000000d70e4858,0x00000000d7100000)
  to   space 5632K, 0% used [0x00000000d7100000,0x00000000d7100000,0x00000000d7680000)
 ParOldGen       total 68608K, used 9808K [0x0000000080000000, 0x0000000084300000, 0x00000000d5580000)
  object space 68608K, 14% used [0x0000000080000000,0x00000000809943e0,0x0000000084300000)
 Metaspace       used 29867K, committed 30656K, reserved 1114112K
  class space    used 3011K, committed 3328K, reserved 1048576K
}
Event: 17.331 GC heap before
{Heap before GC invocations=11 (full 1):
 PSYoungGen      total 27648K, used 27538K [0x00000000d5580000, 0x00000000d7680000, 0x0000000100000000)
  eden space 22528K, 100% used [0x00000000d5580000,0x00000000d6b80000,0x00000000d6b80000)
  from space 5120K, 97% used [0x00000000d6c00000,0x00000000d70e4858,0x00000000d7100000)
  to   space 5632K, 0% used [0x00000000d7100000,0x00000000d7100000,0x00000000d7680000)
 ParOldGen       total 68608K, used 9808K [0x0000000080000000, 0x0000000084300000, 0x00000000d5580000)
  object space 68608K, 14% used [0x0000000080000000,0x00000000809943e0,0x0000000084300000)
 Metaspace       used 32112K, committed 33152K, reserved 1114112K
  class space    used 3270K, committed 3712K, reserved 1048576K
}
Event: 17.337 GC heap after
{Heap after GC invocations=11 (full 1):
 PSYoungGen      total 25600K, used 3486K [0x00000000d5580000, 0x00000000d7480000, 0x0000000100000000)
  eden space 22016K, 0% used [0x00000000d5580000,0x00000000d5580000,0x00000000d6b00000)
  from space 3584K, 97% used [0x00000000d7100000,0x00000000d7467848,0x00000000d7480000)
  to   space 4096K, 0% used [0x00000000d6c80000,0x00000000d6c80000,0x00000000d7080000)
 ParOldGen       total 68608K, used 13366K [0x0000000080000000, 0x0000000084300000, 0x00000000d5580000)
  object space 68608K, 19% used [0x0000000080000000,0x0000000080d0db80,0x0000000084300000)
 Metaspace       used 32112K, committed 33152K, reserved 1114112K
  class space    used 3270K, committed 3712K, reserved 1048576K
}
Event: 17.580 GC heap before
{Heap before GC invocations=12 (full 1):
 PSYoungGen      total 25600K, used 25502K [0x00000000d5580000, 0x00000000d7480000, 0x0000000100000000)
  eden space 22016K, 100% used [0x00000000d5580000,0x00000000d6b00000,0x00000000d6b00000)
  from space 3584K, 97% used [0x00000000d7100000,0x00000000d7467848,0x00000000d7480000)
  to   space 4096K, 0% used [0x00000000d6c80000,0x00000000d6c80000,0x00000000d7080000)
 ParOldGen       total 68608K, used 13366K [0x0000000080000000, 0x0000000084300000, 0x00000000d5580000)
  object space 68608K, 19% used [0x0000000080000000,0x0000000080d0db80,0x0000000084300000)
 Metaspace       used 32552K, committed 33600K, reserved 1114112K
  class space    used 3346K, committed 3776K, reserved 1048576K
}
Event: 17.586 GC heap after
{Heap after GC invocations=12 (full 1):
 PSYoungGen      total 26112K, used 4034K [0x00000000d5580000, 0x00000000d7400000, 0x0000000100000000)
  eden space 22016K, 0% used [0x00000000d5580000,0x00000000d5580000,0x00000000d6b00000)
  from space 4096K, 98% used [0x00000000d6c80000,0x00000000d7070880,0x00000000d7080000)
  to   space 3584K, 0% used [0x00000000d7080000,0x00000000d7080000,0x00000000d7400000)
 ParOldGen       total 68608K, used 16644K [0x0000000080000000, 0x0000000084300000, 0x00000000d5580000)
  object space 68608K, 24% used [0x0000000080000000,0x0000000081041160,0x0000000084300000)
 Metaspace       used 32552K, committed 33600K, reserved 1114112K
  class space    used 3346K, committed 3776K, reserved 1048576K
}
Event: 17.751 GC heap before
{Heap before GC invocations=13 (full 1):
 PSYoungGen      total 26112K, used 26050K [0x00000000d5580000, 0x00000000d7400000, 0x0000000100000000)
  eden space 22016K, 100% used [0x00000000d5580000,0x00000000d6b00000,0x00000000d6b00000)
  from space 4096K, 98% used [0x00000000d6c80000,0x00000000d7070880,0x00000000d7080000)
  to   space 3584K, 0% used [0x00000000d7080000,0x00000000d7080000,0x00000000d7400000)
 ParOldGen       total 68608K, used 16644K [0x0000000080000000, 0x0000000084300000, 0x00000000d5580000)
  object space 68608K, 24% used [0x0000000080000000,0x0000000081041160,0x0000000084300000)
 Metaspace       used 32649K, committed 33728K, reserved 1114112K
  class space    used 3347K, committed 3776K, reserved 1048576K
}
Event: 17.758 GC heap after
{Heap after GC invocations=13 (full 1):
 PSYoungGen      total 23040K, used 3556K [0x00000000d5580000, 0x00000000d7b00000, 0x0000000100000000)
  eden space 19456K, 0% used [0x00000000d5580000,0x00000000d5580000,0x00000000d6880000)
  from space 3584K, 99% used [0x00000000d7080000,0x00000000d73f9000,0x00000000d7400000)
  to   space 8192K, 0% used [0x00000000d6880000,0x00000000d6880000,0x00000000d7080000)
 ParOldGen       total 68608K, used 20532K [0x0000000080000000, 0x0000000084300000, 0x00000000d5580000)
  object space 68608K, 29% used [0x0000000080000000,0x000000008140d0a0,0x0000000084300000)
 Metaspace       used 32649K, committed 33728K, reserved 1114112K
  class space    used 3347K, committed 3776K, reserved 1048576K
}
Event: 17.895 GC heap before
{Heap before GC invocations=14 (full 1):
 PSYoungGen      total 23040K, used 23011K [0x00000000d5580000, 0x00000000d7b00000, 0x0000000100000000)
  eden space 19456K, 99% used [0x00000000d5580000,0x00000000d687fff8,0x00000000d6880000)
  from space 3584K, 99% used [0x00000000d7080000,0x00000000d73f9000,0x00000000d7400000)
  to   space 8192K, 0% used [0x00000000d6880000,0x00000000d6880000,0x00000000d7080000)
 ParOldGen       total 68608K, used 20532K [0x0000000080000000, 0x0000000084300000, 0x00000000d5580000)
  object space 68608K, 29% used [0x0000000080000000,0x000000008140d0a0,0x0000000084300000)
 Metaspace       used 32800K, committed 33856K, reserved 1114112K
  class space    used 3351K, committed 3776K, reserved 1048576K
}
Event: 17.902 GC heap after
{Heap after GC invocations=14 (full 1):
 PSYoungGen      total 23040K, used 3264K [0x00000000d5580000, 0x00000000d7280000, 0x0000000100000000)
  eden space 19456K, 0% used [0x00000000d5580000,0x00000000d5580000,0x00000000d6880000)
  from space 3584K, 91% used [0x00000000d6880000,0x00000000d6bb0010,0x00000000d6c00000)
  to   space 5120K, 0% used [0x00000000d6d80000,0x00000000d6d80000,0x00000000d7280000)
 ParOldGen       total 68608K, used 24105K [0x0000000080000000, 0x0000000084300000, 0x00000000d5580000)
  object space 68608K, 35% used [0x0000000080000000,0x000000008178a500,0x0000000084300000)
 Metaspace       used 32800K, committed 33856K, reserved 1114112K
  class space    used 3351K, committed 3776K, reserved 1048576K
}
Event: 18.138 GC heap before
{Heap before GC invocations=15 (full 1):
 PSYoungGen      total 23040K, used 22720K [0x00000000d5580000, 0x00000000d7280000, 0x0000000100000000)
  eden space 19456K, 99% used [0x00000000d5580000,0x00000000d687fff0,0x00000000d6880000)
  from space 3584K, 91% used [0x00000000d6880000,0x00000000d6bb0010,0x00000000d6c00000)
  to   space 5120K, 0% used [0x00000000d6d80000,0x00000000d6d80000,0x00000000d7280000)
 ParOldGen       total 68608K, used 24105K [0x0000000080000000, 0x0000000084300000, 0x00000000d5580000)
  object space 68608K, 35% used [0x0000000080000000,0x000000008178a500,0x0000000084300000)
 Metaspace       used 33111K, committed 34112K, reserved 1114112K
  class space    used 3394K, committed 3776K, reserved 1048576K
}
Event: 18.143 GC heap after
{Heap after GC invocations=15 (full 1):
 PSYoungGen      total 22528K, used 2616K [0x00000000d5580000, 0x00000000d7080000, 0x0000000100000000)
  eden space 19456K, 0% used [0x00000000d5580000,0x00000000d5580000,0x00000000d6880000)
  from space 3072K, 85% used [0x00000000d6d80000,0x00000000d700e200,0x00000000d7080000)
  to   space 3584K, 0% used [0x00000000d6980000,0x00000000d6980000,0x00000000d6d00000)
 ParOldGen       total 68608K, used 27201K [0x0000000080000000, 0x0000000084300000, 0x00000000d5580000)
  object space 68608K, 39% used [0x0000000080000000,0x0000000081a90510,0x0000000084300000)
 Metaspace       used 33111K, committed 34112K, reserved 1114112K
  class space    used 3394K, committed 3776K, reserved 1048576K
}
Event: 18.646 GC heap before
{Heap before GC invocations=16 (full 1):
 PSYoungGen      total 22528K, used 21963K [0x00000000d5580000, 0x00000000d7080000, 0x0000000100000000)
  eden space 19456K, 99% used [0x00000000d5580000,0x00000000d6864a70,0x00000000d6880000)
  from space 3072K, 85% used [0x00000000d6d80000,0x00000000d700e200,0x00000000d7080000)
  to   space 3584K, 0% used [0x00000000d6980000,0x00000000d6980000,0x00000000d6d00000)
 ParOldGen       total 68608K, used 27201K [0x0000000080000000, 0x0000000084300000, 0x00000000d5580000)
  object space 68608K, 39% used [0x0000000080000000,0x0000000081a90510,0x0000000084300000)
 Metaspace       used 34850K, committed 35840K, reserved 1114112K
  class space    used 3633K, committed 4032K, reserved 1048576K
}
Event: 18.650 GC heap after
{Heap after GC invocations=16 (full 1):
 PSYoungGen      total 20480K, used 623K [0x00000000d5580000, 0x00000000d6e00000, 0x0000000100000000)
  eden space 19456K, 0% used [0x00000000d5580000,0x00000000d5580000,0x00000000d6880000)
  from space 1024K, 60% used [0x00000000d6980000,0x00000000d6a1bdf0,0x00000000d6a80000)
  to   space 1536K, 0% used [0x00000000d6c80000,0x00000000d6c80000,0x00000000d6e00000)
 ParOldGen       total 68608K, used 29692K [0x0000000080000000, 0x0000000084300000, 0x00000000d5580000)
  object space 68608K, 43% used [0x0000000080000000,0x0000000081cff318,0x0000000084300000)
 Metaspace       used 34850K, committed 35840K, reserved 1114112K
  class space    used 3633K, committed 4032K, reserved 1048576K
}
Event: 18.650 GC heap before
{Heap before GC invocations=17 (full 2):
 PSYoungGen      total 20480K, used 623K [0x00000000d5580000, 0x00000000d6e00000, 0x0000000100000000)
  eden space 19456K, 0% used [0x00000000d5580000,0x00000000d5580000,0x00000000d6880000)
  from space 1024K, 60% used [0x00000000d6980000,0x00000000d6a1bdf0,0x00000000d6a80000)
  to   space 1536K, 0% used [0x00000000d6c80000,0x00000000d6c80000,0x00000000d6e00000)
 ParOldGen       total 68608K, used 29692K [0x0000000080000000, 0x0000000084300000, 0x00000000d5580000)
  object space 68608K, 43% used [0x0000000080000000,0x0000000081cff318,0x0000000084300000)
 Metaspace       used 34850K, committed 35840K, reserved 1114112K
  class space    used 3633K, committed 4032K, reserved 1048576K
}
Event: 18.716 GC heap after
{Heap after GC invocations=17 (full 2):
 PSYoungGen      total 20480K, used 0K [0x00000000d5580000, 0x00000000d6e00000, 0x0000000100000000)
  eden space 19456K, 0% used [0x00000000d5580000,0x00000000d5580000,0x00000000d6880000)
  from space 1024K, 0% used [0x00000000d6980000,0x00000000d6980000,0x00000000d6a80000)
  to   space 1536K, 0% used [0x00000000d6c80000,0x00000000d6c80000,0x00000000d6e00000)
 ParOldGen       total 68608K, used 28466K [0x0000000080000000, 0x0000000084300000, 0x00000000d5580000)
  object space 68608K, 41% used [0x0000000080000000,0x0000000081bcc850,0x0000000084300000)
 Metaspace       used 34749K, committed 35840K, reserved 1114112K
  class space    used 3604K, committed 4032K, reserved 1048576K
}
Event: 19.398 GC heap before
{Heap before GC invocations=18 (full 2):
 PSYoungGen      total 20480K, used 19413K [0x00000000d5580000, 0x00000000d6e00000, 0x0000000100000000)
  eden space 19456K, 99% used [0x00000000d5580000,0x00000000d6875650,0x00000000d6880000)
  from space 1024K, 0% used [0x00000000d6980000,0x00000000d6980000,0x00000000d6a80000)
  to   space 1536K, 0% used [0x00000000d6c80000,0x00000000d6c80000,0x00000000d6e00000)
 ParOldGen       total 68608K, used 28466K [0x0000000080000000, 0x0000000084300000, 0x00000000d5580000)
  object space 68608K, 41% used [0x0000000080000000,0x0000000081bcc850,0x0000000084300000)
 Metaspace       used 35797K, committed 36736K, reserved 1114112K
  class space    used 3719K, committed 4096K, reserved 1048576K
}
Event: 19.399 GC heap after
{Heap after GC invocations=18 (full 2):
 PSYoungGen      total 20480K, used 576K [0x00000000d5580000, 0x00000000d6d80000, 0x0000000100000000)
  eden space 19456K, 0% used [0x00000000d5580000,0x00000000d5580000,0x00000000d6880000)
  from space 1024K, 56% used [0x00000000d6c80000,0x00000000d6d10010,0x00000000d6d80000)
  to   space 1024K, 0% used [0x00000000d6980000,0x00000000d6980000,0x00000000d6a80000)
 ParOldGen       total 68608K, used 28474K [0x0000000080000000, 0x0000000084300000, 0x00000000d5580000)
  object space 68608K, 41% used [0x0000000080000000,0x0000000081bce850,0x0000000084300000)
 Metaspace       used 35797K, committed 36736K, reserved 1114112K
  class space    used 3719K, committed 4096K, reserved 1048576K
}
Event: 21.248 GC heap before
{Heap before GC invocations=19 (full 2):
 PSYoungGen      total 20480K, used 20032K [0x00000000d5580000, 0x00000000d6d80000, 0x0000000100000000)
  eden space 19456K, 100% used [0x00000000d5580000,0x00000000d6880000,0x00000000d6880000)
  from space 1024K, 56% used [0x00000000d6c80000,0x00000000d6d10010,0x00000000d6d80000)
  to   space 1024K, 0% used [0x00000000d6980000,0x00000000d6980000,0x00000000d6a80000)
 ParOldGen       total 68608K, used 28474K [0x0000000080000000, 0x0000000084300000, 0x00000000d5580000)
  object space 68608K, 41% used [0x0000000080000000,0x0000000081bce850,0x0000000084300000)
 Metaspace       used 38738K, committed 39744K, reserved 1114112K
  class space    used 3944K, committed 4352K, reserved 1048576K
}
Event: 21.249 GC heap after
{Heap after GC invocations=19 (full 2):
 PSYoungGen      total 20480K, used 1005K [0x00000000d5580000, 0x00000000d6d80000, 0x0000000100000000)
  eden space 19456K, 0% used [0x00000000d5580000,0x00000000d5580000,0x00000000d6880000)
  from space 1024K, 98% used [0x00000000d6980000,0x00000000d6a7b650,0x00000000d6a80000)
  to   space 2560K, 0% used [0x00000000d6b00000,0x00000000d6b00000,0x00000000d6d80000)
 ParOldGen       total 68608K, used 29730K [0x0000000080000000, 0x0000000084300000, 0x00000000d5580000)
  object space 68608K, 43% used [0x0000000080000000,0x0000000081d08870,0x0000000084300000)
 Metaspace       used 38738K, committed 39744K, reserved 1114112K
  class space    used 3944K, committed 4352K, reserved 1048576K
}
Event: 21.302 GC heap before
{Heap before GC invocations=20 (full 2):
 PSYoungGen      total 20480K, used 20461K [0x00000000d5580000, 0x00000000d6d80000, 0x0000000100000000)
  eden space 19456K, 100% used [0x00000000d5580000,0x00000000d6880000,0x00000000d6880000)
  from space 1024K, 98% used [0x00000000d6980000,0x00000000d6a7b650,0x00000000d6a80000)
  to   space 2560K, 0% used [0x00000000d6b00000,0x00000000d6b00000,0x00000000d6d80000)
 ParOldGen       total 68608K, used 29730K [0x0000000080000000, 0x0000000084300000, 0x00000000d5580000)
  object space 68608K, 43% used [0x0000000080000000,0x0000000081d08870,0x0000000084300000)
 Metaspace       used 38764K, committed 39744K, reserved 1114112K
  class space    used 3944K, committed 4352K, reserved 1048576K
}

