# JRE version: OpenJDK Runtime Environment Temurin-21.0.11+10 (21.0.11+10) (build 21.0.11+10-LTS)
# Java VM: OpenJDK 64-Bit Server VM Temurin-21.0.11+10 (21.0.11+10-LTS, mixed mode, sharing, tiered, compressed oops, compressed class ptrs, parallel gc, windows-amd64)
GC Precious Log:
 CardTable entry size: 512
 CPUs: 12 total, 12 available
 Memory: 15178M
 Large Page Support: Disabled
 NUMA Support: Disabled
 Compressed Oops: Enabled (Zero based)
 Alignments: Space 512K, Generation 512K, Heap 2M
 Heap Min Capacity: 100M
 Heap Initial Capacity: 100M
 Heap Max Capacity: 4G
 Pre-touch: Disabled
 Parallel Workers: 10
Heap:
 PSYoungGen      total 3584K, used 1234K [0x00000007aab00000, 0x00000007ab180000, 0x0000000800000000)
  eden space 3072K, 30% used [0x00000007aab00000,0x00000007aabec8c0,0x00000007aae00000)
  from space 512K, 56% used [0x00000007ab100000,0x00000007ab148000,0x00000007ab180000)
  to   space 512K, 0% used [0x00000007ab080000,0x00000007ab080000,0x00000007ab100000)
 ParOldGen       total 2418688K, used 545016K [0x0000000700000000, 0x0000000793a00000, 0x00000007aab00000)
  object space 2418688K, 22% used [0x0000000700000000,0x000000072143e398,0x0000000793a00000)
 Metaspace       used 88525K, committed 90304K, reserved 1179648K
  class space    used 9067K, committed 9920K, reserved 1048576K
GC Heap History (20 events):
Event: 945.312 GC heap before
{Heap before GC invocations=1442 (full 6):
 PSYoungGen      total 8704K, used 8146K [0x00000007aab00000, 0x00000007ab700000, 0x0000000800000000)
  eden space 6144K, 99% used [0x00000007aab00000,0x00000007ab0ffff8,0x00000007ab100000)
  from space 2560K, 78% used [0x00000007ab480000,0x00000007ab674970,0x00000007ab700000)
  to   space 3072K, 0% used [0x00000007ab100000,0x00000007ab100000,0x00000007ab400000)
 ParOldGen       total 2418688K, used 534777K [0x0000000700000000, 0x0000000793a00000, 0x00000007aab00000)
  object space 2418688K, 22% used [0x0000000700000000,0x0000000720a3e600,0x0000000793a00000)
 Metaspace       used 88492K, committed 90304K, reserved 1179648K
  class space    used 9067K, committed 9920K, reserved 1048576K
}
Event: 945.317 GC heap after
{Heap after GC invocations=1442 (full 6):
 PSYoungGen      total 9216K, used 1824K [0x00000007aab00000, 0x00000007ab680000, 0x0000000800000000)
  eden space 6144K, 0% used [0x00000007aab00000,0x00000007aab00000,0x00000007ab100000)
  from space 3072K, 59% used [0x00000007ab100000,0x00000007ab2c8000,0x00000007ab400000)
  to   space 2048K, 0% used [0x00000007ab480000,0x00000007ab480000,0x00000007ab680000)
 ParOldGen       total 2418688K, used 536273K [0x0000000700000000, 0x0000000793a00000, 0x00000007aab00000)
  object space 2418688K, 22% used [0x0000000700000000,0x0000000720bb4600,0x0000000793a00000)
 Metaspace       used 88492K, committed 90304K, reserved 1179648K
  class space    used 9067K, committed 9920K, reserved 1048576K
}
Event: 945.353 GC heap before
{Heap before GC invocations=1443 (full 6):
 PSYoungGen      total 9216K, used 7968K [0x00000007aab00000, 0x00000007ab680000, 0x0000000800000000)
  eden space 6144K, 100% used [0x00000007aab00000,0x00000007ab100000,0x00000007ab100000)
  from space 3072K, 59% used [0x00000007ab100000,0x00000007ab2c8000,0x00000007ab400000)
  to   space 2048K, 0% used [0x00000007ab480000,0x00000007ab480000,0x00000007ab680000)
 ParOldGen       total 2418688K, used 536273K [0x0000000700000000, 0x0000000793a00000, 0x00000007aab00000)
  object space 2418688K, 22% used [0x0000000700000000,0x0000000720bb4600,0x0000000793a00000)
 Metaspace       used 88492K, committed 90304K, reserved 1179648K
  class space    used 9067K, committed 9920K, reserved 1048576K
}
Event: 945.358 GC heap after
{Heap after GC invocations=1443 (full 6):
 PSYoungGen      total 4608K, used 2031K [0x00000007aab00000, 0x00000007ac080000, 0x0000000800000000)
  eden space 2560K, 0% used [0x00000007aab00000,0x00000007aab00000,0x00000007aad80000)
  from space 2048K, 99% used [0x00000007ab480000,0x00000007ab67bce0,0x00000007ab680000)
  to   space 7168K, 0% used [0x00000007aad80000,0x00000007aad80000,0x00000007ab480000)
 ParOldGen       total 2418688K, used 540587K [0x0000000700000000, 0x0000000793a00000, 0x00000007aab00000)
  object space 2418688K, 22% used [0x0000000700000000,0x0000000720feae00,0x0000000793a00000)
 Metaspace       used 88492K, committed 90304K, reserved 1179648K
  class space    used 9067K, committed 9920K, reserved 1048576K
}
Event: 945.399 GC heap before
{Heap before GC invocations=1444 (full 6):
 PSYoungGen      total 4608K, used 4591K [0x00000007aab00000, 0x00000007ac080000, 0x0000000800000000)
  eden space 2560K, 100% used [0x00000007aab00000,0x00000007aad80000,0x00000007aad80000)
  from space 2048K, 99% used [0x00000007ab480000,0x00000007ab67bce0,0x00000007ab680000)
  to   space 7168K, 0% used [0x00000007aad80000,0x00000007aad80000,0x00000007ab480000)
 ParOldGen       total 2418688K, used 540587K [0x0000000700000000, 0x0000000793a00000, 0x00000007aab00000)
  object space 2418688K, 22% used [0x0000000700000000,0x0000000720feae00,0x0000000793a00000)
 Metaspace       used 88492K, committed 90304K, reserved 1179648K
  class space    used 9067K, committed 9920K, reserved 1048576K
}
Event: 945.403 GC heap after
{Heap after GC invocations=1444 (full 6):
 PSYoungGen      total 4608K, used 1656K [0x00000007aab00000, 0x00000007ab500000, 0x0000000800000000)
  eden space 2560K, 0% used [0x00000007aab00000,0x00000007aab00000,0x00000007aad80000)
  from space 2048K, 80% used [0x00000007aad80000,0x00000007aaf1e3d8,0x00000007aaf80000)
  to   space 3584K, 0% used [0x00000007ab180000,0x00000007ab180000,0x00000007ab500000)
 ParOldGen       total 2418688K, used 542621K [0x0000000700000000, 0x0000000793a00000, 0x00000007aab00000)
  object space 2418688K, 22% used [0x0000000700000000,0x00000007211e7580,0x0000000793a00000)
 Metaspace       used 88492K, committed 90304K, reserved 1179648K
  class space    used 9067K, committed 9920K, reserved 1048576K
}
Event: 945.409 GC heap before
{Heap before GC invocations=1445 (full 6):
 PSYoungGen      total 4608K, used 4215K [0x00000007aab00000, 0x00000007ab500000, 0x0000000800000000)
  eden space 2560K, 99% used [0x00000007aab00000,0x00000007aad7fa10,0x00000007aad80000)
  from space 2048K, 80% used [0x00000007aad80000,0x00000007aaf1e3d8,0x00000007aaf80000)
  to   space 3584K, 0% used [0x00000007ab180000,0x00000007ab180000,0x00000007ab500000)
 ParOldGen       total 2418688K, used 542621K [0x0000000700000000, 0x0000000793a00000, 0x00000007aab00000)
  object space 2418688K, 22% used [0x0000000700000000,0x00000007211e7580,0x0000000793a00000)
 Metaspace       used 88492K, committed 90304K, reserved 1179648K
  class space    used 9067K, committed 9920K, reserved 1048576K
}
Event: 945.412 GC heap after
{Heap after GC invocations=1445 (full 6):
 PSYoungGen      total 3072K, used 352K [0x00000007aab00000, 0x00000007ab200000, 0x0000000800000000)
  eden space 2560K, 0% used [0x00000007aab00000,0x00000007aab00000,0x00000007aad80000)
  from space 512K, 68% used [0x00000007ab180000,0x00000007ab1d8000,0x00000007ab200000)
  to   space 1536K, 0% used [0x00000007aaf00000,0x00000007aaf00000,0x00000007ab080000)
 ParOldGen       total 2418688K, used 544144K [0x0000000700000000, 0x0000000793a00000, 0x00000007aab00000)
  object space 2418688K, 22% used [0x0000000700000000,0x0000000721364398,0x0000000793a00000)
 Metaspace       used 88492K, committed 90304K, reserved 1179648K
  class space    used 9067K, committed 9920K, reserved 1048576K
}
Event: 945.420 GC heap before
{Heap before GC invocations=1446 (full 6):
 PSYoungGen      total 3072K, used 2912K [0x00000007aab00000, 0x00000007ab200000, 0x0000000800000000)
  eden space 2560K, 100% used [0x00000007aab00000,0x00000007aad80000,0x00000007aad80000)
  from space 512K, 68% used [0x00000007ab180000,0x00000007ab1d8000,0x00000007ab200000)
  to   space 1536K, 0% used [0x00000007aaf00000,0x00000007aaf00000,0x00000007ab080000)
 ParOldGen       total 2418688K, used 544144K [0x0000000700000000, 0x0000000793a00000, 0x00000007aab00000)
  object space 2418688K, 22% used [0x0000000700000000,0x0000000721364398,0x0000000793a00000)
 Metaspace       used 88492K, committed 90304K, reserved 1179648K
  class space    used 9067K, committed 9920K, reserved 1048576K
}
Event: 945.422 GC heap after
{Heap after GC invocations=1446 (full 6):
 PSYoungGen      total 4608K, used 512K [0x00000007aab00000, 0x00000007ab200000, 0x0000000800000000)
  eden space 3072K, 0% used [0x00000007aab00000,0x00000007aab00000,0x00000007aae00000)
  from space 1536K, 33% used [0x00000007aaf00000,0x00000007aaf80000,0x00000007ab080000)
  to   space 1024K, 0% used [0x00000007ab100000,0x00000007ab100000,0x00000007ab200000)
 ParOldGen       total 2418688K, used 544392K [0x0000000700000000, 0x0000000793a00000, 0x00000007aab00000)
  object space 2418688K, 22% used [0x0000000700000000,0x00000007213a2398,0x0000000793a00000)
 Metaspace       used 88492K, committed 90304K, reserved 1179648K
  class space    used 9067K, committed 9920K, reserved 1048576K
}
Event: 945.614 GC heap before
{Heap before GC invocations=1447 (full 6):
 PSYoungGen      total 4608K, used 3584K [0x00000007aab00000, 0x00000007ab200000, 0x0000000800000000)
  eden space 3072K, 100% used [0x00000007aab00000,0x00000007aae00000,0x00000007aae00000)
  from space 1536K, 33% used [0x00000007aaf00000,0x00000007aaf80000,0x00000007ab080000)
  to   space 1024K, 0% used [0x00000007ab100000,0x00000007ab100000,0x00000007ab200000)
 ParOldGen       total 2418688K, used 544392K [0x0000000700000000, 0x0000000793a00000, 0x00000007aab00000)
  object space 2418688K, 22% used [0x0000000700000000,0x00000007213a2398,0x0000000793a00000)
 Metaspace       used 88492K, committed 90304K, reserved 1179648K
  class space    used 9067K, committed 9920K, reserved 1048576K
}
Event: 945.616 GC heap after
{Heap after GC invocations=1447 (full 6):
 PSYoungGen      total 3584K, used 320K [0x00000007aab00000, 0x00000007ab180000, 0x0000000800000000)
  eden space 3072K, 0% used [0x00000007aab00000,0x00000007aab00000,0x00000007aae00000)
  from space 512K, 62% used [0x00000007ab100000,0x00000007ab150000,0x00000007ab180000)
  to   space 512K, 0% used [0x00000007ab080000,0x00000007ab080000,0x00000007ab100000)
 ParOldGen       total 2418688K, used 544768K [0x0000000700000000, 0x0000000793a00000, 0x00000007aab00000)
  object space 2418688K, 22% used [0x0000000700000000,0x0000000721400398,0x0000000793a00000)
 Metaspace       used 88492K, committed 90304K, reserved 1179648K
  class space    used 9067K, committed 9920K, reserved 1048576K
}
Event: 945.861 GC heap before
{Heap before GC invocations=1448 (full 6):
 PSYoungGen      total 3584K, used 3392K [0x00000007aab00000, 0x00000007ab180000, 0x0000000800000000)
  eden space 3072K, 100% used [0x00000007aab00000,0x00000007aae00000,0x00000007aae00000)
  from space 512K, 62% used [0x00000007ab100000,0x00000007ab150000,0x00000007ab180000)
  to   space 512K, 0% used [0x00000007ab080000,0x00000007ab080000,0x00000007ab100000)
 ParOldGen       total 2418688K, used 544768K [0x0000000700000000, 0x0000000793a00000, 0x00000007aab00000)
  object space 2418688K, 22% used [0x0000000700000000,0x0000000721400398,0x0000000793a00000)
 Metaspace       used 88494K, committed 90304K, reserved 1179648K
  class space    used 9067K, committed 9920K, reserved 1048576K
}
Event: 945.862 GC heap after
{Heap after GC invocations=1448 (full 6):
 PSYoungGen      total 3584K, used 192K [0x00000007aab00000, 0x00000007ab180000, 0x0000000800000000)
  eden space 3072K, 0% used [0x00000007aab00000,0x00000007aab00000,0x00000007aae00000)
  from space 512K, 37% used [0x00000007ab080000,0x00000007ab0b0000,0x00000007ab100000)
  to   space 512K, 0% used [0x00000007ab100000,0x00000007ab100000,0x00000007ab180000)
 ParOldGen       total 2418688K, used 544960K [0x0000000700000000, 0x0000000793a00000, 0x00000007aab00000)
  object space 2418688K, 22% used [0x0000000700000000,0x0000000721430398,0x0000000793a00000)
 Metaspace       used 88494K, committed 90304K, reserved 1179648K
  class space    used 9067K, committed 9920K, reserved 1048576K
}
Event: 946.419 GC heap before
{Heap before GC invocations=1449 (full 6):
 PSYoungGen      total 3584K, used 3264K [0x00000007aab00000, 0x00000007ab180000, 0x0000000800000000)
  eden space 3072K, 100% used [0x00000007aab00000,0x00000007aae00000,0x00000007aae00000)
  from space 512K, 37% used [0x00000007ab080000,0x00000007ab0b0000,0x00000007ab100000)
  to   space 512K, 0% used [0x00000007ab100000,0x00000007ab100000,0x00000007ab180000)
 ParOldGen       total 2418688K, used 544960K [0x0000000700000000, 0x0000000793a00000, 0x00000007aab00000)
  object space 2418688K, 22% used [0x0000000700000000,0x0000000721430398,0x0000000793a00000)
 Metaspace       used 88495K, committed 90304K, reserved 1179648K
  class space    used 9067K, committed 9920K, reserved 1048576K
}
Event: 946.421 GC heap after
{Heap after GC invocations=1449 (full 6):
 PSYoungGen      total 3584K, used 224K [0x00000007aab00000, 0x00000007ab180000, 0x0000000800000000)
  eden space 3072K, 0% used [0x00000007aab00000,0x00000007aab00000,0x00000007aae00000)
  from space 512K, 43% used [0x00000007ab100000,0x00000007ab138000,0x00000007ab180000)
  to   space 512K, 0% used [0x00000007ab080000,0x00000007ab080000,0x00000007ab100000)
 ParOldGen       total 2418688K, used 544984K [0x0000000700000000, 0x0000000793a00000, 0x00000007aab00000)
  object space 2418688K, 22% used [0x0000000700000000,0x0000000721436398,0x0000000793a00000)
 Metaspace       used 88495K, committed 90304K, reserved 1179648K
  class space    used 9067K, committed 9920K, reserved 1048576K
}
Event: 947.975 GC heap before
{Heap before GC invocations=1450 (full 6):
 PSYoungGen      total 3584K, used 3296K [0x00000007aab00000, 0x00000007ab180000, 0x0000000800000000)
  eden space 3072K, 100% used [0x00000007aab00000,0x00000007aae00000,0x00000007aae00000)
  from space 512K, 43% used [0x00000007ab100000,0x00000007ab138000,0x00000007ab180000)
  to   space 512K, 0% used [0x00000007ab080000,0x00000007ab080000,0x00000007ab100000)
 ParOldGen       total 2418688K, used 544984K [0x0000000700000000, 0x0000000793a00000, 0x00000007aab00000)
  object space 2418688K, 22% used [0x0000000700000000,0x0000000721436398,0x0000000793a00000)
 Metaspace       used 88509K, committed 90304K, reserved 1179648K
  class space    used 9067K, committed 9920K, reserved 1048576K
}
Event: 947.977 GC heap after
{Heap after GC invocations=1450 (full 6):
 PSYoungGen      total 3584K, used 320K [0x00000007aab00000, 0x00000007ab180000, 0x0000000800000000)
  eden space 3072K, 0% used [0x00000007aab00000,0x00000007aab00000,0x00000007aae00000)
  from space 512K, 62% used [0x00000007ab080000,0x00000007ab0d0000,0x00000007ab100000)
  to   space 512K, 0% used [0x00000007ab100000,0x00000007ab100000,0x00000007ab180000)
 ParOldGen       total 2418688K, used 545016K [0x0000000700000000, 0x0000000793a00000, 0x00000007aab00000)
  object space 2418688K, 22% used [0x0000000700000000,0x000000072143e398,0x0000000793a00000)
 Metaspace       used 88509K, committed 90304K, reserved 1179648K
  class space    used 9067K, committed 9920K, reserved 1048576K
}
Event: 950.877 GC heap before
{Heap before GC invocations=1451 (full 6):
 PSYoungGen      total 3584K, used 3392K [0x00000007aab00000, 0x00000007ab180000, 0x0000000800000000)
  eden space 3072K, 100% used [0x00000007aab00000,0x00000007aae00000,0x00000007aae00000)
  from space 512K, 62% used [0x00000007ab080000,0x00000007ab0d0000,0x00000007ab100000)
  to   space 512K, 0% used [0x00000007ab100000,0x00000007ab100000,0x00000007ab180000)
 ParOldGen       total 2418688K, used 545016K [0x0000000700000000, 0x0000000793a00000, 0x00000007aab00000)
  object space 2418688K, 22% used [0x0000000700000000,0x000000072143e398,0x0000000793a00000)
 Metaspace       used 88525K, committed 90304K, reserved 1179648K
  class space    used 9067K, committed 9920K, reserved 1048576K
}
Event: 950.879 GC heap after
{Heap after GC invocations=1451 (full 6):
 PSYoungGen      total 3584K, used 288K [0x00000007aab00000, 0x00000007ab180000, 0x0000000800000000)
  eden space 3072K, 0% used [0x00000007aab00000,0x00000007aab00000,0x00000007aae00000)
  from space 512K, 56% used [0x00000007ab100000,0x00000007ab148000,0x00000007ab180000)
  to   space 512K, 0% used [0x00000007ab080000,0x00000007ab080000,0x00000007ab100000)
 ParOldGen       total 2418688K, used 545016K [0x0000000700000000, 0x0000000793a00000, 0x00000007aab00000)
  object space 2418688K, 22% used [0x0000000700000000,0x000000072143e398,0x0000000793a00000)
 Metaspace       used 88525K, committed 90304K, reserved 1179648K
  class space    used 9067K, committed 9920K, reserved 1048576K
}

